# JRE version: Java(TM) SE Runtime Environment (8.0_121-b13) (build 1.8.0_121-b13)
# Java VM: Java HotSpot(TM) 64-Bit Server VM (25.121-b13 mixed mode bsd-amd64 compressed oops)
Heap:
 PSYoungGen      total 24576K, used 5209K [0x0000000795580000, 0x0000000796e80000, 0x00000007c0000000)
  eden space 24064K, 20% used [0x0000000795580000,0x0000000795a36660,0x0000000796d00000)
  from space 512K, 75% used [0x0000000796d80000,0x0000000796de0000,0x0000000796e00000)
  to   space 512K, 0% used [0x0000000796e00000,0x0000000796e00000,0x0000000796e80000)
 ParOldGen       total 87552K, used 73439K [0x0000000740000000, 0x0000000745580000, 0x0000000795580000)
  object space 87552K, 83% used [0x0000000740000000,0x00000007447b7d58,0x0000000745580000)
 Metaspace       used 9262K, capacity 9439K, committed 9728K, reserved 1058816K
  class space    used 913K, capacity 986K, committed 1024K, reserved 1048576K
GC Heap History (10 events):
Event: 56.724 GC heap before
{Heap before GC invocations=99 (full 0):
 PSYoungGen      total 24576K, used 24416K [0x0000000795580000, 0x0000000796e80000, 0x00000007c0000000)
  eden space 24064K, 100% used [0x0000000795580000,0x0000000796d00000,0x0000000796d00000)
  from space 512K, 68% used [0x0000000796e00000,0x0000000796e58000,0x0000000796e80000)
  to   space 512K, 0% used [0x0000000796d80000,0x0000000796d80000,0x0000000796e00000)
 ParOldGen       total 87552K, used 73391K [0x0000000740000000, 0x0000000745580000, 0x0000000795580000)
  object space 87552K, 83% used [0x0000000740000000,0x00000007447abd58,0x0000000745580000)
 Metaspace       used 9254K, capacity 9439K, committed 9728K, reserved 1058816K
  class space    used 913K, capacity 986K, committed 1024K, reserved 1048576K
Event: 56.727 GC heap after
Heap after GC invocations=99 (full 0):
 PSYoungGen      total 24576K, used 384K [0x0000000795580000, 0x0000000796e80000, 0x00000007c0000000)
  eden space 24064K, 0% used [0x0000000795580000,0x0000000795580000,0x0000000796d00000)
  from space 512K, 75% used [0x0000000796d80000,0x0000000796de0000,0x0000000796e00000)
  to   space 512K, 0% used [0x0000000796e00000,0x0000000796e00000,0x0000000796e80000)
 ParOldGen       total 87552K, used 73407K [0x0000000740000000, 0x0000000745580000, 0x0000000795580000)
  object space 87552K, 83% used [0x0000000740000000,0x00000007447afd58,0x0000000745580000)
 Metaspace       used 9254K, capacity 9439K, committed 9728K, reserved 1058816K
  class space    used 913K, capacity 986K, committed 1024K, reserved 1048576K
}
Event: 57.044 GC heap before
{Heap before GC invocations=100 (full 0):
 PSYoungGen      total 24576K, used 24448K [0x0000000795580000, 0x0000000796e80000, 0x00000007c0000000)
  eden space 24064K, 100% used [0x0000000795580000,0x0000000796d00000,0x0000000796d00000)
  from space 512K, 75% used [0x0000000796d80000,0x0000000796de0000,0x0000000796e00000)
  to   space 512K, 0% used [0x0000000796e00000,0x0000000796e00000,0x0000000796e80000)
 ParOldGen       total 87552K, used 73407K [0x0000000740000000, 0x0000000745580000, 0x0000000795580000)
  object space 87552K, 83% used [0x0000000740000000,0x00000007447afd58,0x0000000745580000)
 Metaspace       used 9256K, capacity 9439K, committed 9728K, reserved 1058816K
  class space    used 913K, capacity 986K, committed 1024K, reserved 1048576K
Event: 57.046 GC heap after
Heap after GC invocations=100 (full 0):
 PSYoungGen      total 24576K, used 320K [0x0000000795580000, 0x0000000796e80000, 0x00000007c0000000)
  eden space 24064K, 0% used [0x0000000795580000,0x0000000795580000,0x0000000796d00000)
  from space 512K, 62% used [0x0000000796e00000,0x0000000796e50000,0x0000000796e80000)
  to   space 512K, 0% used [0x0000000796d80000,0x0000000796d80000,0x0000000796e00000)
 ParOldGen       total 87552K, used 73423K [0x0000000740000000, 0x0000000745580000, 0x0000000795580000)
  object space 87552K, 83% used [0x0000000740000000,0x00000007447b3d58,0x0000000745580000)
 Metaspace       used 9256K, capacity 9439K, committed 9728K, reserved 1058816K
  class space    used 913K, capacity 986K, committed 1024K, reserved 1048576K
}
Event: 57.360 GC heap before
{Heap before GC invocations=101 (full 0):
 PSYoungGen      total 24576K, used 24384K [0x0000000795580000, 0x0000000796e80000, 0x00000007c0000000)
  eden space 24064K, 100% used [0x0000000795580000,0x0000000796d00000,0x0000000796d00000)
  from space 512K, 62% used [0x0000000796e00000,0x0000000796e50000,0x0000000796e80000)
  to   space 512K, 0% used [0x0000000796d80000,0x0000000796d80000,0x0000000796e00000)
 ParOldGen       total 87552K, used 73423K [0x0000000740000000, 0x0000000745580000, 0x0000000795580000)
  object space 87552K, 83% used [0x0000000740000000,0x00000007447b3d58,0x0000000745580000)
 Metaspace       used 9256K, capacity 9439K, committed 9728K, reserved 1058816K
  class space    used 913K, capacity 986K, committed 1024K, reserved 1048576K
Event: 57.362 GC heap after
Heap after GC invocations=101 (full 0):
 PSYoungGen      total 24576K, used 384K [0x0000000795580000, 0x0000000796e80000, 0x00000007c0000000)
  eden space 24064K, 0% used [0x0000000795580000,0x0000000795580000,0x0000000796d00000)
  from space 512K, 75% used [0x0000000796d80000,0x0000000796de0000,0x0000000796e00000)
  to   space 512K, 0% used [0x0000000796e00000,0x0000000796e00000,0x0000000796e80000)
 ParOldGen       total 87552K, used 73439K [0x0000000740000000, 0x0000000745580000, 0x0000000795580000)
  object space 87552K, 83% used [0x0000000740000000,0x00000007447b7d58,0x0000000745580000)
 Metaspace       used 9256K, capacity 9439K, committed 9728K, reserved 1058816K
  class space    used 913K, capacity 986K, committed 1024K, reserved 1048576K
}
Event: 57.691 GC heap before
{Heap before GC invocations=102 (full 0):
 PSYoungGen      total 24576K, used 24448K [0x0000000795580000, 0x0000000796e80000, 0x00000007c0000000)
  eden space 24064K, 100% used [0x0000000795580000,0x0000000796d00000,0x0000000796d00000)
  from space 512K, 75% used [0x0000000796d80000,0x0000000796de0000,0x0000000796e00000)
  to   space 512K, 0% used [0x0000000796e00000,0x0000000796e00000,0x0000000796e80000)
 ParOldGen       total 87552K, used 73439K [0x0000000740000000, 0x0000000745580000, 0x0000000795580000)
  object space 87552K, 83% used [0x0000000740000000,0x00000007447b7d58,0x0000000745580000)
 Metaspace       used 9256K, capacity 9439K, committed 9728K, reserved 1058816K
  class space    used 913K, capacity 986K, committed 1024K, reserved 1048576K
Event: 57.693 GC heap after
Heap after GC invocations=102 (full 0):
 PSYoungGen      total 24576K, used 352K [0x0000000795580000, 0x0000000796e80000, 0x00000007c0000000)
  eden space 24064K, 0% used [0x0000000795580000,0x0000000795580000,0x0000000796d00000)
  from space 512K, 68% used [0x0000000796e00000,0x0000000796e58000,0x0000000796e80000)
  to   space 512K, 0% used [0x0000000796d80000,0x0000000796d80000,0x0000000796e00000)
 ParOldGen       total 87552K, used 73439K [0x0000000740000000, 0x0000000745580000, 0x0000000795580000)
  object space 87552K, 83% used [0x0000000740000000,0x00000007447b7d58,0x0000000745580000)
 Metaspace       used 9256K, capacity 9439K, committed 9728K, reserved 1058816K
  class space    used 913K, capacity 986K, committed 1024K, reserved 1048576K
}
Event: 58.010 GC heap before
{Heap before GC invocations=103 (full 0):
 PSYoungGen      total 24576K, used 24416K [0x0000000795580000, 0x0000000796e80000, 0x00000007c0000000)
  eden space 24064K, 100% used [0x0000000795580000,0x0000000796d00000,0x0000000796d00000)
  from space 512K, 68% used [0x0000000796e00000,0x0000000796e58000,0x0000000796e80000)
  to   space 512K, 0% used [0x0000000796d80000,0x0000000796d80000,0x0000000796e00000)
 ParOldGen       total 87552K, used 73439K [0x0000000740000000, 0x0000000745580000, 0x0000000795580000)
  object space 87552K, 83% used [0x0000000740000000,0x00000007447b7d58,0x0000000745580000)
 Metaspace       used 9256K, capacity 9439K, committed 9728K, reserved 1058816K
  class space    used 913K, capacity 986K, committed 1024K, reserved 1048576K
Event: 58.012 GC heap after
Heap after GC invocations=103 (full 0):
 PSYoungGen      total 24576K, used 384K [0x0000000795580000, 0x0000000796e80000, 0x00000007c0000000)
  eden space 24064K, 0% used [0x0000000795580000,0x0000000795580000,0x0000000796d00000)
  from space 512K, 75% used [0x0000000796d80000,0x0000000796de0000,0x0000000796e00000)
  to   space 512K, 0% used [0x0000000796e00000,0x0000000796e00000,0x0000000796e80000)
 ParOldGen       total 87552K, used 73439K [0x0000000740000000, 0x0000000745580000, 0x0000000795580000)
  object space 87552K, 83% used [0x0000000740000000,0x00000007447b7d58,0x0000000745580000)
 Metaspace       used 9256K, capacity 9439K, committed 9728K, reserved 1058816K
  class space    used 913K, capacity 986K, committed 1024K, reserved 1048576K
}

