# JRE version: Java(TM) SE Runtime Environment (8.0_121-b13) (build 1.8.0_121-b13)
# Java VM: Java HotSpot(TM) 64-Bit Server VM (25.121-b13 mixed mode bsd-amd64 compressed oops)
Heap:
 PSYoungGen      total 26624K, used 21505K [0x0000000795580000, 0x0000000797200000, 0x00000007c0000000)
  eden space 26112K, 80% used [0x0000000795580000,0x0000000796a185b8,0x0000000796f00000)
  from space 512K, 81% used [0x0000000797180000,0x00000007971e8000,0x0000000797200000)
  to   space 1536K, 0% used [0x0000000796f00000,0x0000000796f00000,0x0000000797080000)
 ParOldGen       total 44032K, used 2310K [0x0000000740000000, 0x0000000742b00000, 0x0000000795580000)
  object space 44032K, 5% used [0x0000000740000000,0x0000000740241a10,0x0000000742b00000)
 Metaspace       used 9282K, capacity 9447K, committed 9728K, reserved 1058816K
  class space    used 916K, capacity 986K, committed 1024K, reserved 1048576K
GC Heap History (10 events):
Event: 27.499 GC heap before
{Heap before GC invocations=15 (full 1):
 PSYoungGen      total 29696K, used 29216K [0x0000000795580000, 0x0000000797500000, 0x00000007c0000000)
  eden space 28672K, 100% used [0x0000000795580000,0x0000000797180000,0x0000000797180000)
  from space 1024K, 53% used [0x0000000797200000,0x0000000797288000,0x0000000797300000)
  to   space 1536K, 0% used [0x0000000797380000,0x0000000797380000,0x0000000797500000)
 ParOldGen       total 44032K, used 2198K [0x0000000740000000, 0x0000000742b00000, 0x0000000795580000)
  object space 44032K, 4% used [0x0000000740000000,0x0000000740225a10,0x0000000742b00000)
 Metaspace       used 9274K, capacity 9447K, committed 9728K, reserved 1058816K
  class space    used 916K, capacity 986K, committed 1024K, reserved 1048576K
Event: 27.501 GC heap after
Heap after GC invocations=15 (full 1):
 PSYoungGen      total 28672K, used 512K [0x0000000795580000, 0x0000000797400000, 0x00000007c0000000)
  eden space 28160K, 0% used [0x0000000795580000,0x0000000795580000,0x0000000797100000)
  from space 512K, 100% used [0x0000000797380000,0x0000000797400000,0x0000000797400000)
  to   space 1536K, 0% used [0x0000000797100000,0x0000000797100000,0x0000000797280000)
 ParOldGen       total 44032K, used 2198K [0x0000000740000000, 0x0000000742b00000, 0x0000000795580000)
  object space 44032K, 4% used [0x0000000740000000,0x0000000740225a10,0x0000000742b00000)
 Metaspace       used 9274K, capacity 9447K, committed 9728K, reserved 1058816K
  class space    used 916K, capacity 986K, committed 1024K, reserved 1048576K
}
Event: 28.919 GC heap before
{Heap before GC invocations=16 (full 1):
 PSYoungGen      total 28672K, used 28672K [0x0000000795580000, 0x0000000797400000, 0x00000007c0000000)
  eden space 28160K, 100% used [0x0000000795580000,0x0000000797100000,0x0000000797100000)
  from space 512K, 100% used [0x0000000797380000,0x0000000797400000,0x0000000797400000)
  to   space 1536K, 0% used [0x0000000797100000,0x0000000797100000,0x0000000797280000)
 ParOldGen       total 44032K, used 2198K [0x0000000740000000, 0x0000000742b00000, 0x0000000795580000)
  object space 44032K, 4% used [0x0000000740000000,0x0000000740225a10,0x0000000742b00000)
 Metaspace       used 9274K, capacity 9447K, committed 9728K, reserved 1058816K
  class space    used 916K, capacity 986K, committed 1024K, reserved 1048576K
Event: 28.921 GC heap after
Heap after GC invocations=16 (full 1):
 PSYoungGen      total 29184K, used 480K [0x0000000795580000, 0x0000000797400000, 0x00000007c0000000)
  eden space 27648K, 0% used [0x0000000795580000,0x0000000795580000,0x0000000797080000)
  from space 1536K, 31% used [0x0000000797100000,0x0000000797178000,0x0000000797280000)
  to   space 1536K, 0% used [0x0000000797280000,0x0000000797280000,0x0000000797400000)
 ParOldGen       total 44032K, used 2198K [0x0000000740000000, 0x0000000742b00000, 0x0000000795580000)
  object space 44032K, 4% used [0x0000000740000000,0x0000000740225a10,0x0000000742b00000)
 Metaspace       used 9274K, capacity 9447K, committed 9728K, reserved 1058816K
  class space    used 916K, capacity 986K, committed 1024K, reserved 1048576K
}
Event: 30.169 GC heap before
{Heap before GC invocations=17 (full 1):
 PSYoungGen      total 29184K, used 28128K [0x0000000795580000, 0x0000000797400000, 0x00000007c0000000)
  eden space 27648K, 100% used [0x0000000795580000,0x0000000797080000,0x0000000797080000)
  from space 1536K, 31% used [0x0000000797100000,0x0000000797178000,0x0000000797280000)
  to   space 1536K, 0% used [0x0000000797280000,0x0000000797280000,0x0000000797400000)
 ParOldGen       total 44032K, used 2198K [0x0000000740000000, 0x0000000742b00000, 0x0000000795580000)
  object space 44032K, 4% used [0x0000000740000000,0x0000000740225a10,0x0000000742b00000)
 Metaspace       used 9274K, capacity 9447K, committed 9728K, reserved 1058816K
  class space    used 916K, capacity 986K, committed 1024K, reserved 1048576K
Event: 30.171 GC heap after
Heap after GC invocations=17 (full 1):
 PSYoungGen      total 27648K, used 480K [0x0000000795580000, 0x0000000797300000, 0x00000007c0000000)
  eden space 27136K, 0% used [0x0000000795580000,0x0000000795580000,0x0000000797000000)
  from space 512K, 93% used [0x0000000797280000,0x00000007972f8000,0x0000000797300000)
  to   space 1536K, 0% used [0x0000000797000000,0x0000000797000000,0x0000000797180000)
 ParOldGen       total 44032K, used 2198K [0x0000000740000000, 0x0000000742b00000, 0x0000000795580000)
  object space 44032K, 4% used [0x0000000740000000,0x0000000740225a10,0x0000000742b00000)
 Metaspace       used 9274K, capacity 9447K, committed 9728K, reserved 1058816K
  class space    used 916K, capacity 986K, committed 1024K, reserved 1048576K
}
Event: 31.470 GC heap before
{Heap before GC invocations=18 (full 1):
 PSYoungGen      total 27648K, used 27616K [0x0000000795580000, 0x0000000797300000, 0x00000007c0000000)
  eden space 27136K, 100% used [0x0000000795580000,0x0000000797000000,0x0000000797000000)
  from space 512K, 93% used [0x0000000797280000,0x00000007972f8000,0x0000000797300000)
  to   space 1536K, 0% used [0x0000000797000000,0x0000000797000000,0x0000000797180000)
 ParOldGen       total 44032K, used 2198K [0x0000000740000000, 0x0000000742b00000, 0x0000000795580000)
  object space 44032K, 4% used [0x0000000740000000,0x0000000740225a10,0x0000000742b00000)
 Metaspace       used 9275K, capacity 9447K, committed 9728K, reserved 1058816K
  class space    used 916K, capacity 986K, committed 1024K, reserved 1048576K
Event: 31.472 GC heap after
Heap after GC invocations=18 (full 1):
 PSYoungGen      total 28160K, used 512K [0x0000000795580000, 0x0000000797300000, 0x00000007c0000000)
  eden space 26624K, 0% used [0x0000000795580000,0x0000000795580000,0x0000000796f80000)
  from space 1536K, 33% used [0x0000000797000000,0x0000000797080000,0x0000000797180000)
  to   space 1536K, 0% used [0x0000000797180000,0x0000000797180000,0x0000000797300000)
 ParOldGen       total 44032K, used 2238K [0x0000000740000000, 0x0000000742b00000, 0x0000000795580000)
  object space 44032K, 5% used [0x0000000740000000,0x000000074022fa10,0x0000000742b00000)
 Metaspace       used 9275K, capacity 9447K, committed 9728K, reserved 1058816K
  class space    used 916K, capacity 986K, committed 1024K, reserved 1048576K
}
Event: 32.620 GC heap before
{Heap before GC invocations=19 (full 1):
 PSYoungGen      total 28160K, used 27136K [0x0000000795580000, 0x0000000797300000, 0x00000007c0000000)
  eden space 26624K, 100% used [0x0000000795580000,0x0000000796f80000,0x0000000796f80000)
  from space 1536K, 33% used [0x0000000797000000,0x0000000797080000,0x0000000797180000)
  to   space 1536K, 0% used [0x0000000797180000,0x0000000797180000,0x0000000797300000)
 ParOldGen       total 44032K, used 2238K [0x0000000740000000, 0x0000000742b00000, 0x0000000795580000)
  object space 44032K, 5% used [0x0000000740000000,0x000000074022fa10,0x0000000742b00000)
 Metaspace       used 9275K, capacity 9447K, committed 9728K, reserved 1058816K
  class space    used 916K, capacity 986K, committed 1024K, reserved 1048576K
Event: 32.621 GC heap after
Heap after GC invocations=19 (full 1):
 PSYoungGen      total 26624K, used 416K [0x0000000795580000, 0x0000000797200000, 0x00000007c0000000)
  eden space 26112K, 0% used [0x0000000795580000,0x0000000795580000,0x0000000796f00000)
  from space 512K, 81% used [0x0000000797180000,0x00000007971e8000,0x0000000797200000)
  to   space 1536K, 0% used [0x0000000796f00000,0x0000000796f00000,0x0000000797080000)
 ParOldGen       total 44032K, used 2310K [0x0000000740000000, 0x0000000742b00000, 0x0000000795580000)
  object space 44032K, 5% used [0x0000000740000000,0x0000000740241a10,0x0000000742b00000)
 Metaspace       used 9275K, capacity 9447K, committed 9728K, reserved 1058816K
  class space    used 916K, capacity 986K, committed 1024K, reserved 1048576K
}

