# JRE version: Java(TM) SE Runtime Environment (8.0_121-b13) (build 1.8.0_121-b13)
# Java VM: Java HotSpot(TM) 64-Bit Server VM (25.121-b13 mixed mode bsd-amd64 compressed oops)
Heap:
 PSYoungGen      total 24576K, used 9557K [0x0000000795580000, 0x0000000796e80000, 0x00000007c0000000)
  eden space 24064K, 38% used [0x0000000795580000,0x0000000795e7d4d8,0x0000000796d00000)
  from space 512K, 68% used [0x0000000796e00000,0x0000000796e58000,0x0000000796e80000)
  to   space 512K, 0% used [0x0000000796d80000,0x0000000796d80000,0x0000000796e00000)
 ParOldGen       total 87552K, used 75259K [0x0000000740000000, 0x0000000745580000, 0x0000000795580000)
  object space 87552K, 85% used [0x0000000740000000,0x000000074497ec18,0x0000000745580000)
 Metaspace       used 9270K, capacity 9447K, committed 9728K, reserved 1058816K
  class space    used 914K, capacity 986K, committed 1024K, reserved 1048576K
GC Heap History (10 events):
Event: 126.892 GC heap before
{Heap before GC invocations=216 (full 0):
 PSYoungGen      total 24576K, used 24384K [0x0000000795580000, 0x0000000796e80000, 0x00000007c0000000)
  eden space 24064K, 100% used [0x0000000795580000,0x0000000796d00000,0x0000000796d00000)
  from space 512K, 62% used [0x0000000796d80000,0x0000000796dd0000,0x0000000796e00000)
  to   space 512K, 0% used [0x0000000796e00000,0x0000000796e00000,0x0000000796e80000)
 ParOldGen       total 87552K, used 75219K [0x0000000740000000, 0x0000000745580000, 0x0000000795580000)
  object space 87552K, 85% used [0x0000000740000000,0x0000000744974c18,0x0000000745580000)
 Metaspace       used 9264K, capacity 9447K, committed 9728K, reserved 1058816K
  class space    used 913K, capacity 986K, committed 1024K, reserved 1048576K
Event: 126.894 GC heap after
Heap after GC invocations=216 (full 0):
 PSYoungGen      total 24576K, used 320K [0x0000000795580000, 0x0000000796e80000, 0x00000007c0000000)
  eden space 24064K, 0% used [0x0000000795580000,0x0000000795580000,0x0000000796d00000)
  from space 512K, 62% used [0x0000000796e00000,0x0000000796e50000,0x0000000796e80000)
  to   space 512K, 0% used [0x0000000796d80000,0x0000000796d80000,0x0000000796e00000)
 ParOldGen       total 87552K, used 75235K [0x0000000740000000, 0x0000000745580000, 0x0000000795580000)
  object space 87552K, 85% used [0x0000000740000000,0x0000000744978c18,0x0000000745580000)
 Metaspace       used 9264K, capacity 9447K, committed 9728K, reserved 1058816K
  class space    used 913K, capacity 986K, committed 1024K, reserved 1048576K
}
Event: 127.242 GC heap before
{Heap before GC invocations=217 (full 0):
 PSYoungGen      total 24576K, used 24384K [0x0000000795580000, 0x0000000796e80000, 0x00000007c0000000)
  eden space 24064K, 100% used [0x0000000795580000,0x0000000796d00000,0x0000000796d00000)
  from space 512K, 62% used [0x0000000796e00000,0x0000000796e50000,0x0000000796e80000)
  to   space 512K, 0% used [0x0000000796d80000,0x0000000796d80000,0x0000000796e00000)
 ParOldGen       total 87552K, used 75235K [0x0000000740000000, 0x0000000745580000, 0x0000000795580000)
  object space 87552K, 85% used [0x0000000740000000,0x0000000744978c18,0x0000000745580000)
 Metaspace       used 9264K, capacity 9447K, committed 9728K, reserved 1058816K
  class space    used 913K, capacity 986K, committed 1024K, reserved 1048576K
Event: 127.244 GC heap after
Heap after GC invocations=217 (full 0):
 PSYoungGen      total 24576K, used 320K [0x0000000795580000, 0x0000000796e80000, 0x00000007c0000000)
  eden space 24064K, 0% used [0x0000000795580000,0x0000000795580000,0x0000000796d00000)
  from space 512K, 62% used [0x0000000796d80000,0x0000000796dd0000,0x0000000796e00000)
  to   space 512K, 0% used [0x0000000796e00000,0x0000000796e00000,0x0000000796e80000)
 ParOldGen       total 87552K, used 75243K [0x0000000740000000, 0x0000000745580000, 0x0000000795580000)
  object space 87552K, 85% used [0x0000000740000000,0x000000074497ac18,0x0000000745580000)
 Metaspace       used 9264K, capacity 9447K, committed 9728K, reserved 1058816K
  class space    used 913K, capacity 986K, committed 1024K, reserved 1048576K
}
Event: 127.613 GC heap before
{Heap before GC invocations=218 (full 0):
 PSYoungGen      total 24576K, used 24384K [0x0000000795580000, 0x0000000796e80000, 0x00000007c0000000)
  eden space 24064K, 100% used [0x0000000795580000,0x0000000796d00000,0x0000000796d00000)
  from space 512K, 62% used [0x0000000796d80000,0x0000000796dd0000,0x0000000796e00000)
  to   space 512K, 0% used [0x0000000796e00000,0x0000000796e00000,0x0000000796e80000)
 ParOldGen       total 87552K, used 75243K [0x0000000740000000, 0x0000000745580000, 0x0000000795580000)
  object space 87552K, 85% used [0x0000000740000000,0x000000074497ac18,0x0000000745580000)
 Metaspace       used 9264K, capacity 9447K, committed 9728K, reserved 1058816K
  class space    used 913K, capacity 986K, committed 1024K, reserved 1048576K
Event: 127.614 GC heap after
Heap after GC invocations=218 (full 0):
 PSYoungGen      total 24576K, used 320K [0x0000000795580000, 0x0000000796e80000, 0x00000007c0000000)
  eden space 24064K, 0% used [0x0000000795580000,0x0000000795580000,0x0000000796d00000)
  from space 512K, 62% used [0x0000000796e00000,0x0000000796e50000,0x0000000796e80000)
  to   space 512K, 0% used [0x0000000796d80000,0x0000000796d80000,0x0000000796e00000)
 ParOldGen       total 87552K, used 75243K [0x0000000740000000, 0x0000000745580000, 0x0000000795580000)
  object space 87552K, 85% used [0x0000000740000000,0x000000074497ac18,0x0000000745580000)
 Metaspace       used 9264K, capacity 9447K, committed 9728K, reserved 1058816K
  class space    used 913K, capacity 986K, committed 1024K, reserved 1048576K
}
Event: 127.977 GC heap before
{Heap before GC invocations=219 (full 0):
 PSYoungGen      total 24576K, used 24384K [0x0000000795580000, 0x0000000796e80000, 0x00000007c0000000)
  eden space 24064K, 100% used [0x0000000795580000,0x0000000796d00000,0x0000000796d00000)
  from space 512K, 62% used [0x0000000796e00000,0x0000000796e50000,0x0000000796e80000)
  to   space 512K, 0% used [0x0000000796d80000,0x0000000796d80000,0x0000000796e00000)
 ParOldGen       total 87552K, used 75243K [0x0000000740000000, 0x0000000745580000, 0x0000000795580000)
  object space 87552K, 85% used [0x0000000740000000,0x000000074497ac18,0x0000000745580000)
 Metaspace       used 9264K, capacity 9447K, committed 9728K, reserved 1058816K
  class space    used 913K, capacity 986K, committed 1024K, reserved 1048576K
Event: 127.979 GC heap after
Heap after GC invocations=219 (full 0):
 PSYoungGen      total 24576K, used 320K [0x0000000795580000, 0x0000000796e80000, 0x00000007c0000000)
  eden space 24064K, 0% used [0x0000000795580000,0x0000000795580000,0x0000000796d00000)
  from space 512K, 62% used [0x0000000796d80000,0x0000000796dd0000,0x0000000796e00000)
  to   space 512K, 0% used [0x0000000796e00000,0x0000000796e00000,0x0000000796e80000)
 ParOldGen       total 87552K, used 75243K [0x0000000740000000, 0x0000000745580000, 0x0000000795580000)
  object space 87552K, 85% used [0x0000000740000000,0x000000074497ac18,0x0000000745580000)
 Metaspace       used 9264K, capacity 9447K, committed 9728K, reserved 1058816K
  class space    used 913K, capacity 986K, committed 1024K, reserved 1048576K
}
Event: 128.327 GC heap before
{Heap before GC invocations=220 (full 0):
 PSYoungGen      total 24576K, used 24384K [0x0000000795580000, 0x0000000796e80000, 0x00000007c0000000)
  eden space 24064K, 100% used [0x0000000795580000,0x0000000796d00000,0x0000000796d00000)
  from space 512K, 62% used [0x0000000796d80000,0x0000000796dd0000,0x0000000796e00000)
  to   space 512K, 0% used [0x0000000796e00000,0x0000000796e00000,0x0000000796e80000)
 ParOldGen       total 87552K, used 75243K [0x0000000740000000, 0x0000000745580000, 0x0000000795580000)
  object space 87552K, 85% used [0x0000000740000000,0x000000074497ac18,0x0000000745580000)
 Metaspace       used 9264K, capacity 9447K, committed 9728K, reserved 1058816K
  class space    used 913K, capacity 986K, committed 1024K, reserved 1048576K
Event: 128.329 GC heap after
Heap after GC invocations=220 (full 0):
 PSYoungGen      total 24576K, used 352K [0x0000000795580000, 0x0000000796e80000, 0x00000007c0000000)
  eden space 24064K, 0% used [0x0000000795580000,0x0000000795580000,0x0000000796d00000)
  from space 512K, 68% used [0x0000000796e00000,0x0000000796e58000,0x0000000796e80000)
  to   space 512K, 0% used [0x0000000796d80000,0x0000000796d80000,0x0000000796e00000)
 ParOldGen       total 87552K, used 75259K [0x0000000740000000, 0x0000000745580000, 0x0000000795580000)
  object space 87552K, 85% used [0x0000000740000000,0x000000074497ec18,0x0000000745580000)
 Metaspace       used 9264K, capacity 9447K, committed 9728K, reserved 1058816K
  class space    used 913K, capacity 986K, committed 1024K, reserved 1048576K
}

