# JRE version: Java(TM) SE Runtime Environment (8.0_121-b13) (build 1.8.0_121-b13)
# Java VM: Java HotSpot(TM) 64-Bit Server VM (25.121-b13 mixed mode bsd-amd64 compressed oops)
Heap:
 PSYoungGen      total 24576K, used 12509K [0x0000000170980000, 0x0000000172700000, 0x000000019b400000)
  eden space 24064K, 50% used [0x0000000170980000,0x00000001715576e8,0x0000000172100000)
  from space 512K, 75% used [0x0000000172680000,0x00000001726e0000,0x0000000172700000)
  to   space 512K, 0% used [0x0000000172600000,0x0000000172600000,0x0000000172680000)
 ParOldGen       total 87552K, used 74457K [0x000000011b400000, 0x0000000120980000, 0x0000000170980000)
  object space 87552K, 85% used [0x000000011b400000,0x000000011fcb6600,0x0000000120980000)
 Metaspace       used 10995K, capacity 11149K, committed 11264K, reserved 1058816K
  class space    used 1131K, capacity 1213K, committed 1280K, reserved 1048576K
GC Heap History (10 events):
Event: 86.474 GC heap before
{Heap before GC invocations=150 (full 0):
 PSYoungGen      total 24576K, used 24448K [0x0000000170980000, 0x0000000172700000, 0x000000019b400000)
  eden space 24064K, 100% used [0x0000000170980000,0x0000000172100000,0x0000000172100000)
  from space 512K, 75% used [0x0000000172600000,0x0000000172660000,0x0000000172680000)
  to   space 512K, 0% used [0x0000000172680000,0x0000000172680000,0x0000000172700000)
 ParOldGen       total 87552K, used 74393K [0x000000011b400000, 0x0000000120980000, 0x0000000170980000)
  object space 87552K, 84% used [0x000000011b400000,0x000000011fca6600,0x0000000120980000)
 Metaspace       used 10984K, capacity 11149K, committed 11264K, reserved 1058816K
  class space    used 1130K, capacity 1213K, committed 1280K, reserved 1048576K
Event: 86.477 GC heap after
Heap after GC invocations=150 (full 0):
 PSYoungGen      total 24576K, used 384K [0x0000000170980000, 0x0000000172700000, 0x000000019b400000)
  eden space 24064K, 0% used [0x0000000170980000,0x0000000170980000,0x0000000172100000)
  from space 512K, 75% used [0x0000000172680000,0x00000001726e0000,0x0000000172700000)
  to   space 512K, 0% used [0x0000000172600000,0x0000000172600000,0x0000000172680000)
 ParOldGen       total 87552K, used 74409K [0x000000011b400000, 0x0000000120980000, 0x0000000170980000)
  object space 87552K, 84% used [0x000000011b400000,0x000000011fcaa600,0x0000000120980000)
 Metaspace       used 10984K, capacity 11149K, committed 11264K, reserved 1058816K
  class space    used 1130K, capacity 1213K, committed 1280K, reserved 1048576K
}
Event: 89.191 GC heap before
{Heap before GC invocations=151 (full 0):
 PSYoungGen      total 24576K, used 24448K [0x0000000170980000, 0x0000000172700000, 0x000000019b400000)
  eden space 24064K, 100% used [0x0000000170980000,0x0000000172100000,0x0000000172100000)
  from space 512K, 75% used [0x0000000172680000,0x00000001726e0000,0x0000000172700000)
  to   space 512K, 0% used [0x0000000172600000,0x0000000172600000,0x0000000172680000)
 ParOldGen       total 87552K, used 74409K [0x000000011b400000, 0x0000000120980000, 0x0000000170980000)
  object space 87552K, 84% used [0x000000011b400000,0x000000011fcaa600,0x0000000120980000)
 Metaspace       used 10984K, capacity 11149K, committed 11264K, reserved 1058816K
  class space    used 1130K, capacity 1213K, committed 1280K, reserved 1048576K
Event: 89.194 GC heap after
Heap after GC invocations=151 (full 0):
 PSYoungGen      total 24576K, used 352K [0x0000000170980000, 0x0000000172700000, 0x000000019b400000)
  eden space 24064K, 0% used [0x0000000170980000,0x0000000170980000,0x0000000172100000)
  from space 512K, 68% used [0x0000000172600000,0x0000000172658000,0x0000000172680000)
  to   space 512K, 0% used [0x0000000172680000,0x0000000172680000,0x0000000172700000)
 ParOldGen       total 87552K, used 74425K [0x000000011b400000, 0x0000000120980000, 0x0000000170980000)
  object space 87552K, 85% used [0x000000011b400000,0x000000011fcae600,0x0000000120980000)
 Metaspace       used 10984K, capacity 11149K, committed 11264K, reserved 1058816K
  class space    used 1130K, capacity 1213K, committed 1280K, reserved 1048576K
}
Event: 91.893 GC heap before
{Heap before GC invocations=152 (full 0):
 PSYoungGen      total 24576K, used 24416K [0x0000000170980000, 0x0000000172700000, 0x000000019b400000)
  eden space 24064K, 100% used [0x0000000170980000,0x0000000172100000,0x0000000172100000)
  from space 512K, 68% used [0x0000000172600000,0x0000000172658000,0x0000000172680000)
  to   space 512K, 0% used [0x0000000172680000,0x0000000172680000,0x0000000172700000)
 ParOldGen       total 87552K, used 74425K [0x000000011b400000, 0x0000000120980000, 0x0000000170980000)
  object space 87552K, 85% used [0x000000011b400000,0x000000011fcae600,0x0000000120980000)
 Metaspace       used 10984K, capacity 11149K, committed 11264K, reserved 1058816K
  class space    used 1130K, capacity 1213K, committed 1280K, reserved 1048576K
Event: 91.896 GC heap after
Heap after GC invocations=152 (full 0):
 PSYoungGen      total 24576K, used 384K [0x0000000170980000, 0x0000000172700000, 0x000000019b400000)
  eden space 24064K, 0% used [0x0000000170980000,0x0000000170980000,0x0000000172100000)
  from space 512K, 75% used [0x0000000172680000,0x00000001726e0000,0x0000000172700000)
  to   space 512K, 0% used [0x0000000172600000,0x0000000172600000,0x0000000172680000)
 ParOldGen       total 87552K, used 74441K [0x000000011b400000, 0x0000000120980000, 0x0000000170980000)
  object space 87552K, 85% used [0x000000011b400000,0x000000011fcb2600,0x0000000120980000)
 Metaspace       used 10984K, capacity 11149K, committed 11264K, reserved 1058816K
  class space    used 1130K, capacity 1213K, committed 1280K, reserved 1048576K
}
Event: 94.610 GC heap before
{Heap before GC invocations=153 (full 0):
 PSYoungGen      total 24576K, used 24448K [0x0000000170980000, 0x0000000172700000, 0x000000019b400000)
  eden space 24064K, 100% used [0x0000000170980000,0x0000000172100000,0x0000000172100000)
  from space 512K, 75% used [0x0000000172680000,0x00000001726e0000,0x0000000172700000)
  to   space 512K, 0% used [0x0000000172600000,0x0000000172600000,0x0000000172680000)
 ParOldGen       total 87552K, used 74441K [0x000000011b400000, 0x0000000120980000, 0x0000000170980000)
  object space 87552K, 85% used [0x000000011b400000,0x000000011fcb2600,0x0000000120980000)
 Metaspace       used 10989K, capacity 11149K, committed 11264K, reserved 1058816K
  class space    used 1130K, capacity 1213K, committed 1280K, reserved 1048576K
Event: 94.613 GC heap after
Heap after GC invocations=153 (full 0):
 PSYoungGen      total 24576K, used 384K [0x0000000170980000, 0x0000000172700000, 0x000000019b400000)
  eden space 24064K, 0% used [0x0000000170980000,0x0000000170980000,0x0000000172100000)
  from space 512K, 75% used [0x0000000172600000,0x0000000172660000,0x0000000172680000)
  to   space 512K, 0% used [0x0000000172680000,0x0000000172680000,0x0000000172700000)
 ParOldGen       total 87552K, used 74441K [0x000000011b400000, 0x0000000120980000, 0x0000000170980000)
  object space 87552K, 85% used [0x000000011b400000,0x000000011fcb2600,0x0000000120980000)
 Metaspace       used 10989K, capacity 11149K, committed 11264K, reserved 1058816K
  class space    used 1130K, capacity 1213K, committed 1280K, reserved 1048576K
}
Event: 97.295 GC heap before
{Heap before GC invocations=154 (full 0):
 PSYoungGen      total 24576K, used 24448K [0x0000000170980000, 0x0000000172700000, 0x000000019b400000)
  eden space 24064K, 100% used [0x0000000170980000,0x0000000172100000,0x0000000172100000)
  from space 512K, 75% used [0x0000000172600000,0x0000000172660000,0x0000000172680000)
  to   space 512K, 0% used [0x0000000172680000,0x0000000172680000,0x0000000172700000)
 ParOldGen       total 87552K, used 74441K [0x000000011b400000, 0x0000000120980000, 0x0000000170980000)
  object space 87552K, 85% used [0x000000011b400000,0x000000011fcb2600,0x0000000120980000)
 Metaspace       used 10989K, capacity 11149K, committed 11264K, reserved 1058816K
  class space    used 1130K, capacity 1213K, committed 1280K, reserved 1048576K
Event: 97.298 GC heap after
Heap after GC invocations=154 (full 0):
 PSYoungGen      total 24576K, used 384K [0x0000000170980000, 0x0000000172700000, 0x000000019b400000)
  eden space 24064K, 0% used [0x0000000170980000,0x0000000170980000,0x0000000172100000)
  from space 512K, 75% used [0x0000000172680000,0x00000001726e0000,0x0000000172700000)
  to   space 512K, 0% used [0x0000000172600000,0x0000000172600000,0x0000000172680000)
 ParOldGen       total 87552K, used 74457K [0x000000011b400000, 0x0000000120980000, 0x0000000170980000)
  object space 87552K, 85% used [0x000000011b400000,0x000000011fcb6600,0x0000000120980000)
 Metaspace       used 10989K, capacity 11149K, committed 11264K, reserved 1058816K
  class space    used 1130K, capacity 1213K, committed 1280K, reserved 1048576K
}

