# JRE version: Java(TM) SE Runtime Environment (8.0_121-b13) (build 1.8.0_121-b13)
# Java VM: Java HotSpot(TM) 64-Bit Server VM (25.121-b13 mixed mode bsd-amd64 compressed oops)
Heap:
 PSYoungGen      total 37888K, used 36098K [0x0000000175180000, 0x0000000177c80000, 0x000000019fc00000)
  eden space 32768K, 96% used [0x0000000175180000,0x000000017703ca48,0x0000000177180000)
  from space 5120K, 90% used [0x0000000177200000,0x0000000177684010,0x0000000177700000)
  to   space 5632K, 0% used [0x0000000177700000,0x0000000177700000,0x0000000177c80000)
 ParOldGen       total 87552K, used 307K [0x000000011fc00000, 0x0000000125180000, 0x0000000175180000)
  object space 87552K, 0% used [0x000000011fc00000,0x000000011fc4cf38,0x0000000125180000)
 Metaspace       used 7945K, capacity 8099K, committed 8320K, reserved 1056768K
  class space    used 802K, capacity 858K, committed 896K, reserved 1048576K
GC Heap History (10 events):
Event: 4.348 GC heap before
{Heap before GC invocations=1 (full 0):
 PSYoungGen      total 38400K, used 33280K [0x0000000175180000, 0x0000000177c00000, 0x000000019fc00000)
  eden space 33280K, 100% used [0x0000000175180000,0x0000000177200000,0x0000000177200000)
  from space 5120K, 0% used [0x0000000177700000,0x0000000177700000,0x0000000177c00000)
  to   space 5120K, 0% used [0x0000000177200000,0x0000000177200000,0x0000000177700000)
 ParOldGen       total 87552K, used 0K [0x000000011fc00000, 0x0000000125180000, 0x0000000175180000)
  object space 87552K, 0% used [0x000000011fc00000,0x000000011fc00000,0x0000000125180000)
 Metaspace       used 7809K, capacity 7907K, committed 8064K, reserved 1056768K
  class space    used 801K, capacity 858K, committed 896K, reserved 1048576K
Event: 4.366 GC heap after
Heap after GC invocations=1 (full 0):
 PSYoungGen      total 38400K, used 5105K [0x0000000175180000, 0x0000000177c00000, 0x000000019fc00000)
  eden space 33280K, 0% used [0x0000000175180000,0x0000000175180000,0x0000000177200000)
  from space 5120K, 99% used [0x0000000177200000,0x00000001776fc4f8,0x0000000177700000)
  to   space 5120K, 0% used [0x0000000177700000,0x0000000177700000,0x0000000177c00000)
 ParOldGen       total 87552K, used 275K [0x000000011fc00000, 0x0000000125180000, 0x0000000175180000)
  object space 87552K, 0% used [0x000000011fc00000,0x000000011fc44f38,0x0000000125180000)
 Metaspace       used 7809K, capacity 7907K, committed 8064K, reserved 1056768K
  class space    used 801K, capacity 858K, committed 896K, reserved 1048576K
}
Event: 7.450 GC heap before
{Heap before GC invocations=2 (full 0):
 PSYoungGen      total 38400K, used 38385K [0x0000000175180000, 0x0000000177c00000, 0x000000019fc00000)
  eden space 33280K, 100% used [0x0000000175180000,0x0000000177200000,0x0000000177200000)
  from space 5120K, 99% used [0x0000000177200000,0x00000001776fc4f8,0x0000000177700000)
  to   space 5120K, 0% used [0x0000000177700000,0x0000000177700000,0x0000000177c00000)
 ParOldGen       total 87552K, used 275K [0x000000011fc00000, 0x0000000125180000, 0x0000000175180000)
  object space 87552K, 0% used [0x000000011fc00000,0x000000011fc44f38,0x0000000125180000)
 Metaspace       used 7918K, capacity 8099K, committed 8320K, reserved 1056768K
  class space    used 801K, capacity 858K, committed 896K, reserved 1048576K
Event: 7.460 GC heap after
Heap after GC invocations=2 (full 0):
 PSYoungGen      total 38400K, used 4616K [0x0000000175180000, 0x0000000177c00000, 0x000000019fc00000)
  eden space 33280K, 0% used [0x0000000175180000,0x0000000175180000,0x0000000177200000)
  from space 5120K, 90% used [0x0000000177700000,0x0000000177b82168,0x0000000177c00000)
  to   space 5120K, 0% used [0x0000000177200000,0x0000000177200000,0x0000000177700000)
 ParOldGen       total 87552K, used 283K [0x000000011fc00000, 0x0000000125180000, 0x0000000175180000)
  object space 87552K, 0% used [0x000000011fc00000,0x000000011fc46f38,0x0000000125180000)
 Metaspace       used 7918K, capacity 8099K, committed 8320K, reserved 1056768K
  class space    used 801K, capacity 858K, committed 896K, reserved 1048576K
}
Event: 10.559 GC heap before
{Heap before GC invocations=3 (full 0):
 PSYoungGen      total 38400K, used 37896K [0x0000000175180000, 0x0000000177c00000, 0x000000019fc00000)
  eden space 33280K, 100% used [0x0000000175180000,0x0000000177200000,0x0000000177200000)
  from space 5120K, 90% used [0x0000000177700000,0x0000000177b82168,0x0000000177c00000)
  to   space 5120K, 0% used [0x0000000177200000,0x0000000177200000,0x0000000177700000)
 ParOldGen       total 87552K, used 283K [0x000000011fc00000, 0x0000000125180000, 0x0000000175180000)
  object space 87552K, 0% used [0x000000011fc00000,0x000000011fc46f38,0x0000000125180000)
 Metaspace       used 7928K, capacity 8099K, committed 8320K, reserved 1056768K
  class space    used 801K, capacity 858K, committed 896K, reserved 1048576K
Event: 10.570 GC heap after
Heap after GC invocations=3 (full 0):
 PSYoungGen      total 38400K, used 4624K [0x0000000175180000, 0x0000000177c00000, 0x000000019fc00000)
  eden space 33280K, 0% used [0x0000000175180000,0x0000000175180000,0x0000000177200000)
  from space 5120K, 90% used [0x0000000177200000,0x0000000177684010,0x0000000177700000)
  to   space 5120K, 0% used [0x0000000177700000,0x0000000177700000,0x0000000177c00000)
 ParOldGen       total 87552K, used 291K [0x000000011fc00000, 0x0000000125180000, 0x0000000175180000)
  object space 87552K, 0% used [0x000000011fc00000,0x000000011fc48f38,0x0000000125180000)
 Metaspace       used 7928K, capacity 8099K, committed 8320K, reserved 1056768K
  class space    used 801K, capacity 858K, committed 896K, reserved 1048576K
}
Event: 13.735 GC heap before
{Heap before GC invocations=4 (full 0):
 PSYoungGen      total 38400K, used 37904K [0x0000000175180000, 0x0000000177c00000, 0x000000019fc00000)
  eden space 33280K, 100% used [0x0000000175180000,0x0000000177200000,0x0000000177200000)
  from space 5120K, 90% used [0x0000000177200000,0x0000000177684010,0x0000000177700000)
  to   space 5120K, 0% used [0x0000000177700000,0x0000000177700000,0x0000000177c00000)
 ParOldGen       total 87552K, used 291K [0x000000011fc00000, 0x0000000125180000, 0x0000000175180000)
  object space 87552K, 0% used [0x000000011fc00000,0x000000011fc48f38,0x0000000125180000)
 Metaspace       used 7929K, capacity 8099K, committed 8320K, reserved 1056768K
  class space    used 801K, capacity 858K, committed 896K, reserved 1048576K
Event: 13.744 GC heap after
Heap after GC invocations=4 (full 0):
 PSYoungGen      total 38400K, used 4624K [0x0000000175180000, 0x0000000177c00000, 0x000000019fc00000)
  eden space 33280K, 0% used [0x0000000175180000,0x0000000175180000,0x0000000177200000)
  from space 5120K, 90% used [0x0000000177700000,0x0000000177b84010,0x0000000177c00000)
  to   space 5120K, 0% used [0x0000000177200000,0x0000000177200000,0x0000000177700000)
 ParOldGen       total 87552K, used 299K [0x000000011fc00000, 0x0000000125180000, 0x0000000175180000)
  object space 87552K, 0% used [0x000000011fc00000,0x000000011fc4af38,0x0000000125180000)
 Metaspace       used 7929K, capacity 8099K, committed 8320K, reserved 1056768K
  class space    used 801K, capacity 858K, committed 896K, reserved 1048576K
}
Event: 16.869 GC heap before
{Heap before GC invocations=5 (full 0):
 PSYoungGen      total 38400K, used 37904K [0x0000000175180000, 0x0000000177c00000, 0x000000019fc00000)
  eden space 33280K, 100% used [0x0000000175180000,0x0000000177200000,0x0000000177200000)
  from space 5120K, 90% used [0x0000000177700000,0x0000000177b84010,0x0000000177c00000)
  to   space 5120K, 0% used [0x0000000177200000,0x0000000177200000,0x0000000177700000)
 ParOldGen       total 87552K, used 299K [0x000000011fc00000, 0x0000000125180000, 0x0000000175180000)
  object space 87552K, 0% used [0x000000011fc00000,0x000000011fc4af38,0x0000000125180000)
 Metaspace       used 7937K, capacity 8099K, committed 8320K, reserved 1056768K
  class space    used 801K, capacity 858K, committed 896K, reserved 1048576K
Event: 16.878 GC heap after
Heap after GC invocations=5 (full 0):
 PSYoungGen      total 37888K, used 4624K [0x0000000175180000, 0x0000000177c80000, 0x000000019fc00000)
  eden space 32768K, 0% used [0x0000000175180000,0x0000000175180000,0x0000000177180000)
  from space 5120K, 90% used [0x0000000177200000,0x0000000177684010,0x0000000177700000)
  to   space 5632K, 0% used [0x0000000177700000,0x0000000177700000,0x0000000177c80000)
 ParOldGen       total 87552K, used 307K [0x000000011fc00000, 0x0000000125180000, 0x0000000175180000)
  object space 87552K, 0% used [0x000000011fc00000,0x000000011fc4cf38,0x0000000125180000)
 Metaspace       used 7937K, capacity 8099K, committed 8320K, reserved 1056768K
  class space    used 801K, capacity 858K, committed 896K, reserved 1048576K
}

