# JRE version: Java(TM) SE Runtime Environment (8.0_121-b13) (build 1.8.0_121-b13)
# Java VM: Java HotSpot(TM) 64-Bit Server VM (25.121-b13 mixed mode bsd-amd64 compressed oops)
Heap:
 PSYoungGen      total 38400K, used 26784K [0x0000000795580000, 0x0000000798000000, 0x00000007c0000000)
  eden space 33280K, 66% used [0x0000000795580000,0x0000000796b103a0,0x0000000797600000)
  from space 5120K, 91% used [0x0000000797b00000,0x0000000797f98020,0x0000000798000000)
  to   space 5120K, 0% used [0x0000000797600000,0x0000000797600000,0x0000000797b00000)
 ParOldGen       total 87552K, used 339K [0x0000000740000000, 0x0000000745580000, 0x0000000795580000)
  object space 87552K, 0% used [0x0000000740000000,0x0000000740054f38,0x0000000745580000)
 Metaspace       used 8069K, capacity 8235K, committed 8320K, reserved 1056768K
  class space    used 807K, capacity 858K, committed 896K, reserved 1048576K
GC Heap History (8 events):
Event: 3.378 GC heap before
{Heap before GC invocations=1 (full 0):
 PSYoungGen      total 38400K, used 33280K [0x0000000795580000, 0x0000000798000000, 0x00000007c0000000)
  eden space 33280K, 100% used [0x0000000795580000,0x0000000797600000,0x0000000797600000)
  from space 5120K, 0% used [0x0000000797b00000,0x0000000797b00000,0x0000000798000000)
  to   space 5120K, 0% used [0x0000000797600000,0x0000000797600000,0x0000000797b00000)
 ParOldGen       total 87552K, used 0K [0x0000000740000000, 0x0000000745580000, 0x0000000795580000)
  object space 87552K, 0% used [0x0000000740000000,0x0000000740000000,0x0000000745580000)
 Metaspace       used 7926K, capacity 8043K, committed 8320K, reserved 1056768K
  class space    used 807K, capacity 858K, committed 896K, reserved 1048576K
Event: 3.393 GC heap after
Heap after GC invocations=1 (full 0):
 PSYoungGen      total 38400K, used 5106K [0x0000000795580000, 0x0000000798000000, 0x00000007c0000000)
  eden space 33280K, 0% used [0x0000000795580000,0x0000000795580000,0x0000000797600000)
  from space 5120K, 99% used [0x0000000797600000,0x0000000797afcb88,0x0000000797b00000)
  to   space 5120K, 0% used [0x0000000797b00000,0x0000000797b00000,0x0000000798000000)
 ParOldGen       total 87552K, used 315K [0x0000000740000000, 0x0000000745580000, 0x0000000795580000)
  object space 87552K, 0% used [0x0000000740000000,0x000000074004ef38,0x0000000745580000)
 Metaspace       used 7926K, capacity 8043K, committed 8320K, reserved 1056768K
  class space    used 807K, capacity 858K, committed 896K, reserved 1048576K
}
Event: 5.676 GC heap before
{Heap before GC invocations=2 (full 0):
 PSYoungGen      total 38400K, used 38386K [0x0000000795580000, 0x0000000798000000, 0x00000007c0000000)
  eden space 33280K, 100% used [0x0000000795580000,0x0000000797600000,0x0000000797600000)
  from space 5120K, 99% used [0x0000000797600000,0x0000000797afcb88,0x0000000797b00000)
  to   space 5120K, 0% used [0x0000000797b00000,0x0000000797b00000,0x0000000798000000)
 ParOldGen       total 87552K, used 315K [0x0000000740000000, 0x0000000745580000, 0x0000000795580000)
  object space 87552K, 0% used [0x0000000740000000,0x000000074004ef38,0x0000000745580000)
 Metaspace       used 8046K, capacity 8171K, committed 8320K, reserved 1056768K
  class space    used 807K, capacity 858K, committed 896K, reserved 1048576K
Event: 5.685 GC heap after
Heap after GC invocations=2 (full 0):
 PSYoungGen      total 38400K, used 4728K [0x0000000795580000, 0x0000000798000000, 0x00000007c0000000)
  eden space 33280K, 0% used [0x0000000795580000,0x0000000795580000,0x0000000797600000)
  from space 5120K, 92% used [0x0000000797b00000,0x0000000797f9e158,0x0000000798000000)
  to   space 5120K, 0% used [0x0000000797600000,0x0000000797600000,0x0000000797b00000)
 ParOldGen       total 87552K, used 323K [0x0000000740000000, 0x0000000745580000, 0x0000000795580000)
  object space 87552K, 0% used [0x0000000740000000,0x0000000740050f38,0x0000000745580000)
 Metaspace       used 8046K, capacity 8171K, committed 8320K, reserved 1056768K
  class space    used 807K, capacity 858K, committed 896K, reserved 1048576K
}
Event: 7.951 GC heap before
{Heap before GC invocations=3 (full 0):
 PSYoungGen      total 38400K, used 38008K [0x0000000795580000, 0x0000000798000000, 0x00000007c0000000)
  eden space 33280K, 100% used [0x0000000795580000,0x0000000797600000,0x0000000797600000)
  from space 5120K, 92% used [0x0000000797b00000,0x0000000797f9e158,0x0000000798000000)
  to   space 5120K, 0% used [0x0000000797600000,0x0000000797600000,0x0000000797b00000)
 ParOldGen       total 87552K, used 323K [0x0000000740000000, 0x0000000745580000, 0x0000000795580000)
  object space 87552K, 0% used [0x0000000740000000,0x0000000740050f38,0x0000000745580000)
 Metaspace       used 8055K, capacity 8171K, committed 8320K, reserved 1056768K
  class space    used 807K, capacity 858K, committed 896K, reserved 1048576K
Event: 7.957 GC heap after
Heap after GC invocations=3 (full 0):
 PSYoungGen      total 38400K, used 4688K [0x0000000795580000, 0x0000000798000000, 0x00000007c0000000)
  eden space 33280K, 0% used [0x0000000795580000,0x0000000795580000,0x0000000797600000)
  from space 5120K, 91% used [0x0000000797600000,0x0000000797a94010,0x0000000797b00000)
  to   space 5120K, 0% used [0x0000000797b00000,0x0000000797b00000,0x0000000798000000)
 ParOldGen       total 87552K, used 331K [0x0000000740000000, 0x0000000745580000, 0x0000000795580000)
  object space 87552K, 0% used [0x0000000740000000,0x0000000740052f38,0x0000000745580000)
 Metaspace       used 8055K, capacity 8171K, committed 8320K, reserved 1056768K
  class space    used 807K, capacity 858K, committed 896K, reserved 1048576K
}
Event: 10.298 GC heap before
{Heap before GC invocations=4 (full 0):
 PSYoungGen      total 38400K, used 37968K [0x0000000795580000, 0x0000000798000000, 0x00000007c0000000)
  eden space 33280K, 100% used [0x0000000795580000,0x0000000797600000,0x0000000797600000)
  from space 5120K, 91% used [0x0000000797600000,0x0000000797a94010,0x0000000797b00000)
  to   space 5120K, 0% used [0x0000000797b00000,0x0000000797b00000,0x0000000798000000)
 ParOldGen       total 87552K, used 331K [0x0000000740000000, 0x0000000745580000, 0x0000000795580000)
  object space 87552K, 0% used [0x0000000740000000,0x0000000740052f38,0x0000000745580000)
 Metaspace       used 8056K, capacity 8171K, committed 8320K, reserved 1056768K
  class space    used 807K, capacity 858K, committed 896K, reserved 1048576K
Event: 10.306 GC heap after
Heap after GC invocations=4 (full 0):
 PSYoungGen      total 38400K, used 4704K [0x0000000795580000, 0x0000000798000000, 0x00000007c0000000)
  eden space 33280K, 0% used [0x0000000795580000,0x0000000795580000,0x0000000797600000)
  from space 5120K, 91% used [0x0000000797b00000,0x0000000797f98020,0x0000000798000000)
  to   space 5120K, 0% used [0x0000000797600000,0x0000000797600000,0x0000000797b00000)
 ParOldGen       total 87552K, used 339K [0x0000000740000000, 0x0000000745580000, 0x0000000795580000)
  object space 87552K, 0% used [0x0000000740000000,0x0000000740054f38,0x0000000745580000)
 Metaspace       used 8056K, capacity 8171K, committed 8320K, reserved 1056768K
  class space    used 807K, capacity 858K, committed 896K, reserved 1048576K
}

