# JRE version: Java(TM) SE Runtime Environment (8.0_121-b13) (build 1.8.0_121-b13)
# Java VM: Java HotSpot(TM) 64-Bit Server VM (25.121-b13 mixed mode bsd-amd64 compressed oops)
Heap:
 PSYoungGen      total 31232K, used 17633K [0x0000000795580000, 0x0000000798180000, 0x00000007c0000000)
  eden space 30720K, 55% used [0x0000000795580000,0x0000000796648478,0x0000000797380000)
  from space 512K, 87% used [0x0000000797400000,0x0000000797470000,0x0000000797480000)
  to   space 7168K, 0% used [0x0000000797a80000,0x0000000797a80000,0x0000000798180000)
 ParOldGen       total 87552K, used 4680K [0x0000000740000000, 0x0000000745580000, 0x0000000795580000)
  object space 87552K, 5% used [0x0000000740000000,0x0000000740492270,0x0000000745580000)
 Metaspace       used 7992K, capacity 8103K, committed 8320K, reserved 1056768K
  class space    used 806K, capacity 858K, committed 896K, reserved 1048576K
GC Heap History (10 events):
Event: 10.790 GC heap before
{Heap before GC invocations=5 (full 0):
 PSYoungGen      total 38400K, used 37952K [0x0000000795580000, 0x0000000798000000, 0x00000007c0000000)
  eden space 33280K, 100% used [0x0000000795580000,0x0000000797600000,0x0000000797600000)
  from space 5120K, 91% used [0x0000000797b00000,0x0000000797f90000,0x0000000798000000)
  to   space 5120K, 0% used [0x0000000797600000,0x0000000797600000,0x0000000797b00000)
 ParOldGen       total 87552K, used 355K [0x0000000740000000, 0x0000000745580000, 0x0000000795580000)
  object space 87552K, 0% used [0x0000000740000000,0x0000000740058f48,0x0000000745580000)
 Metaspace       used 7982K, capacity 8103K, committed 8320K, reserved 1056768K
  class space    used 806K, capacity 858K, committed 896K, reserved 1048576K
Event: 10.797 GC heap after
Heap after GC invocations=5 (full 0):
 PSYoungGen      total 37888K, used 4672K [0x0000000795580000, 0x0000000798080000, 0x00000007c0000000)
  eden space 32768K, 0% used [0x0000000795580000,0x0000000795580000,0x0000000797580000)
  from space 5120K, 91% used [0x0000000797600000,0x0000000797a90000,0x0000000797b00000)
  to   space 5632K, 0% used [0x0000000797b00000,0x0000000797b00000,0x0000000798080000)
 ParOldGen       total 87552K, used 363K [0x0000000740000000, 0x0000000745580000, 0x0000000795580000)
  object space 87552K, 0% used [0x0000000740000000,0x000000074005af48,0x0000000745580000)
 Metaspace       used 7982K, capacity 8103K, committed 8320K, reserved 1056768K
  class space    used 806K, capacity 858K, committed 896K, reserved 1048576K
}
Event: 12.662 GC heap before
{Heap before GC invocations=6 (full 0):
 PSYoungGen      total 37888K, used 37440K [0x0000000795580000, 0x0000000798080000, 0x00000007c0000000)
  eden space 32768K, 100% used [0x0000000795580000,0x0000000797580000,0x0000000797580000)
  from space 5120K, 91% used [0x0000000797600000,0x0000000797a90000,0x0000000797b00000)
  to   space 5632K, 0% used [0x0000000797b00000,0x0000000797b00000,0x0000000798080000)
 ParOldGen       total 87552K, used 363K [0x0000000740000000, 0x0000000745580000, 0x0000000795580000)
  object space 87552K, 0% used [0x0000000740000000,0x000000074005af48,0x0000000745580000)
 Metaspace       used 7982K, capacity 8103K, committed 8320K, reserved 1056768K
  class space    used 806K, capacity 858K, committed 896K, reserved 1048576K
Event: 12.668 GC heap after
Heap after GC invocations=6 (full 0):
 PSYoungGen      total 37376K, used 4688K [0x0000000795580000, 0x0000000798000000, 0x00000007c0000000)
  eden space 32256K, 0% used [0x0000000795580000,0x0000000795580000,0x0000000797500000)
  from space 5120K, 91% used [0x0000000797b00000,0x0000000797f94010,0x0000000798000000)
  to   space 5632K, 0% used [0x0000000797500000,0x0000000797500000,0x0000000797a80000)
 ParOldGen       total 87552K, used 371K [0x0000000740000000, 0x0000000745580000, 0x0000000795580000)
  object space 87552K, 0% used [0x0000000740000000,0x000000074005cf48,0x0000000745580000)
 Metaspace       used 7982K, capacity 8103K, committed 8320K, reserved 1056768K
  class space    used 806K, capacity 858K, committed 896K, reserved 1048576K
}
Event: 14.535 GC heap before
{Heap before GC invocations=7 (full 0):
 PSYoungGen      total 37376K, used 36944K [0x0000000795580000, 0x0000000798000000, 0x00000007c0000000)
  eden space 32256K, 100% used [0x0000000795580000,0x0000000797500000,0x0000000797500000)
  from space 5120K, 91% used [0x0000000797b00000,0x0000000797f94010,0x0000000798000000)
  to   space 5632K, 0% used [0x0000000797500000,0x0000000797500000,0x0000000797a80000)
 ParOldGen       total 87552K, used 371K [0x0000000740000000, 0x0000000745580000, 0x0000000795580000)
  object space 87552K, 0% used [0x0000000740000000,0x000000074005cf48,0x0000000745580000)
 Metaspace       used 7982K, capacity 8103K, committed 8320K, reserved 1056768K
  class space    used 806K, capacity 858K, committed 896K, reserved 1048576K
Event: 14.542 GC heap after
Heap after GC invocations=7 (full 0):
 PSYoungGen      total 37376K, used 448K [0x0000000795580000, 0x0000000798180000, 0x00000007c0000000)
  eden space 31744K, 0% used [0x0000000795580000,0x0000000795580000,0x0000000797480000)
  from space 5632K, 7% used [0x0000000797500000,0x0000000797570000,0x0000000797a80000)
  to   space 6656K, 0% used [0x0000000797b00000,0x0000000797b00000,0x0000000798180000)
 ParOldGen       total 87552K, used 4624K [0x0000000740000000, 0x0000000745580000, 0x0000000795580000)
  object space 87552K, 5% used [0x0000000740000000,0x0000000740484270,0x0000000745580000)
 Metaspace       used 7982K, capacity 8103K, committed 8320K, reserved 1056768K
  class space    used 806K, capacity 858K, committed 896K, reserved 1048576K
}
Event: 16.390 GC heap before
{Heap before GC invocations=8 (full 0):
 PSYoungGen      total 37376K, used 32192K [0x0000000795580000, 0x0000000798180000, 0x00000007c0000000)
  eden space 31744K, 100% used [0x0000000795580000,0x0000000797480000,0x0000000797480000)
  from space 5632K, 7% used [0x0000000797500000,0x0000000797570000,0x0000000797a80000)
  to   space 6656K, 0% used [0x0000000797b00000,0x0000000797b00000,0x0000000798180000)
 ParOldGen       total 87552K, used 4624K [0x0000000740000000, 0x0000000745580000, 0x0000000795580000)
  object space 87552K, 5% used [0x0000000740000000,0x0000000740484270,0x0000000745580000)
 Metaspace       used 7982K, capacity 8103K, committed 8320K, reserved 1056768K
  class space    used 806K, capacity 858K, committed 896K, reserved 1048576K
Event: 16.393 GC heap after
Heap after GC invocations=8 (full 0):
 PSYoungGen      total 37888K, used 448K [0x0000000795580000, 0x0000000798200000, 0x00000007c0000000)
  eden space 31232K, 0% used [0x0000000795580000,0x0000000795580000,0x0000000797400000)
  from space 6656K, 6% used [0x0000000797b00000,0x0000000797b70000,0x0000000798180000)
  to   space 7168K, 0% used [0x0000000797400000,0x0000000797400000,0x0000000797b00000)
 ParOldGen       total 87552K, used 4648K [0x0000000740000000, 0x0000000745580000, 0x0000000795580000)
  object space 87552K, 5% used [0x0000000740000000,0x000000074048a270,0x0000000745580000)
 Metaspace       used 7982K, capacity 8103K, committed 8320K, reserved 1056768K
  class space    used 806K, capacity 858K, committed 896K, reserved 1048576K
}
Event: 18.189 GC heap before
{Heap before GC invocations=9 (full 0):
 PSYoungGen      total 37888K, used 31680K [0x0000000795580000, 0x0000000798200000, 0x00000007c0000000)
  eden space 31232K, 100% used [0x0000000795580000,0x0000000797400000,0x0000000797400000)
  from space 6656K, 6% used [0x0000000797b00000,0x0000000797b70000,0x0000000798180000)
  to   space 7168K, 0% used [0x0000000797400000,0x0000000797400000,0x0000000797b00000)
 ParOldGen       total 87552K, used 4648K [0x0000000740000000, 0x0000000745580000, 0x0000000795580000)
  object space 87552K, 5% used [0x0000000740000000,0x000000074048a270,0x0000000745580000)
 Metaspace       used 7984K, capacity 8103K, committed 8320K, reserved 1056768K
  class space    used 806K, capacity 858K, committed 896K, reserved 1048576K
Event: 18.192 GC heap after
Heap after GC invocations=9 (full 0):
 PSYoungGen      total 31232K, used 448K [0x0000000795580000, 0x0000000798180000, 0x00000007c0000000)
  eden space 30720K, 0% used [0x0000000795580000,0x0000000795580000,0x0000000797380000)
  from space 512K, 87% used [0x0000000797400000,0x0000000797470000,0x0000000797480000)
  to   space 7168K, 0% used [0x0000000797a80000,0x0000000797a80000,0x0000000798180000)
 ParOldGen       total 87552K, used 4680K [0x0000000740000000, 0x0000000745580000, 0x0000000795580000)
  object space 87552K, 5% used [0x0000000740000000,0x0000000740492270,0x0000000745580000)
 Metaspace       used 7984K, capacity 8103K, committed 8320K, reserved 1056768K
  class space    used 806K, capacity 858K, committed 896K, reserved 1048576K
}

