# JRE version: Java(TM) SE Runtime Environment (8.0_121-b13) (build 1.8.0_121-b13)
# Java VM: Java HotSpot(TM) 64-Bit Server VM (25.121-b13 mixed mode bsd-amd64 compressed oops)
Heap:
 PSYoungGen      total 24576K, used 8524K [0x0000000795580000, 0x0000000796e80000, 0x00000007c0000000)
  eden space 24064K, 34% used [0x0000000795580000,0x0000000795d830e8,0x0000000796d00000)
  from space 512K, 62% used [0x0000000796e00000,0x0000000796e50000,0x0000000796e80000)
  to   space 512K, 0% used [0x0000000796d80000,0x0000000796d80000,0x0000000796e00000)
 ParOldGen       total 87552K, used 8714K [0x0000000740000000, 0x0000000745580000, 0x0000000795580000)
  object space 87552K, 9% used [0x0000000740000000,0x0000000740882988,0x0000000745580000)
 Metaspace       used 8026K, capacity 8163K, committed 8320K, reserved 1056768K
  class space    used 807K, capacity 858K, committed 896K, reserved 1048576K
GC Heap History (10 events):
Event: 102.995 GC heap before
{Heap before GC invocations=296 (full 0):
 PSYoungGen      total 24576K, used 24384K [0x0000000795580000, 0x0000000796e80000, 0x00000007c0000000)
  eden space 24064K, 100% used [0x0000000795580000,0x0000000796d00000,0x0000000796d00000)
  from space 512K, 62% used [0x0000000796d80000,0x0000000796dd0000,0x0000000796e00000)
  to   space 512K, 0% used [0x0000000796e00000,0x0000000796e00000,0x0000000796e80000)
 ParOldGen       total 87552K, used 8650K [0x0000000740000000, 0x0000000745580000, 0x0000000795580000)
  object space 87552K, 9% used [0x0000000740000000,0x0000000740872988,0x0000000745580000)
 Metaspace       used 8021K, capacity 8163K, committed 8320K, reserved 1056768K
  class space    used 807K, capacity 858K, committed 896K, reserved 1048576K
Event: 102.996 GC heap after
Heap after GC invocations=296 (full 0):
 PSYoungGen      total 24576K, used 320K [0x0000000795580000, 0x0000000796e80000, 0x00000007c0000000)
  eden space 24064K, 0% used [0x0000000795580000,0x0000000795580000,0x0000000796d00000)
  from space 512K, 62% used [0x0000000796e00000,0x0000000796e50000,0x0000000796e80000)
  to   space 512K, 0% used [0x0000000796d80000,0x0000000796d80000,0x0000000796e00000)
 ParOldGen       total 87552K, used 8658K [0x0000000740000000, 0x0000000745580000, 0x0000000795580000)
  object space 87552K, 9% used [0x0000000740000000,0x0000000740874988,0x0000000745580000)
 Metaspace       used 8021K, capacity 8163K, committed 8320K, reserved 1056768K
  class space    used 807K, capacity 858K, committed 896K, reserved 1048576K
}
Event: 103.319 GC heap before
{Heap before GC invocations=297 (full 0):
 PSYoungGen      total 24576K, used 24384K [0x0000000795580000, 0x0000000796e80000, 0x00000007c0000000)
  eden space 24064K, 100% used [0x0000000795580000,0x0000000796d00000,0x0000000796d00000)
  from space 512K, 62% used [0x0000000796e00000,0x0000000796e50000,0x0000000796e80000)
  to   space 512K, 0% used [0x0000000796d80000,0x0000000796d80000,0x0000000796e00000)
 ParOldGen       total 87552K, used 8658K [0x0000000740000000, 0x0000000745580000, 0x0000000795580000)
  object space 87552K, 9% used [0x0000000740000000,0x0000000740874988,0x0000000745580000)
 Metaspace       used 8021K, capacity 8163K, committed 8320K, reserved 1056768K
  class space    used 807K, capacity 858K, committed 896K, reserved 1048576K
Event: 103.321 GC heap after
Heap after GC invocations=297 (full 0):
 PSYoungGen      total 24576K, used 352K [0x0000000795580000, 0x0000000796e80000, 0x00000007c0000000)
  eden space 24064K, 0% used [0x0000000795580000,0x0000000795580000,0x0000000796d00000)
  from space 512K, 68% used [0x0000000796d80000,0x0000000796dd8000,0x0000000796e00000)
  to   space 512K, 0% used [0x0000000796e00000,0x0000000796e00000,0x0000000796e80000)
 ParOldGen       total 87552K, used 8682K [0x0000000740000000, 0x0000000745580000, 0x0000000795580000)
  object space 87552K, 9% used [0x0000000740000000,0x000000074087a988,0x0000000745580000)
 Metaspace       used 8021K, capacity 8163K, committed 8320K, reserved 1056768K
  class space    used 807K, capacity 858K, committed 896K, reserved 1048576K
}
Event: 103.644 GC heap before
{Heap before GC invocations=298 (full 0):
 PSYoungGen      total 24576K, used 24416K [0x0000000795580000, 0x0000000796e80000, 0x00000007c0000000)
  eden space 24064K, 100% used [0x0000000795580000,0x0000000796d00000,0x0000000796d00000)
  from space 512K, 68% used [0x0000000796d80000,0x0000000796dd8000,0x0000000796e00000)
  to   space 512K, 0% used [0x0000000796e00000,0x0000000796e00000,0x0000000796e80000)
 ParOldGen       total 87552K, used 8682K [0x0000000740000000, 0x0000000745580000, 0x0000000795580000)
  object space 87552K, 9% used [0x0000000740000000,0x000000074087a988,0x0000000745580000)
 Metaspace       used 8021K, capacity 8163K, committed 8320K, reserved 1056768K
  class space    used 807K, capacity 858K, committed 896K, reserved 1048576K
Event: 103.646 GC heap after
Heap after GC invocations=298 (full 0):
 PSYoungGen      total 24576K, used 320K [0x0000000795580000, 0x0000000796e80000, 0x00000007c0000000)
  eden space 24064K, 0% used [0x0000000795580000,0x0000000795580000,0x0000000796d00000)
  from space 512K, 62% used [0x0000000796e00000,0x0000000796e50000,0x0000000796e80000)
  to   space 512K, 0% used [0x0000000796d80000,0x0000000796d80000,0x0000000796e00000)
 ParOldGen       total 87552K, used 8698K [0x0000000740000000, 0x0000000745580000, 0x0000000795580000)
  object space 87552K, 9% used [0x0000000740000000,0x000000074087e988,0x0000000745580000)
 Metaspace       used 8021K, capacity 8163K, committed 8320K, reserved 1056768K
  class space    used 807K, capacity 858K, committed 896K, reserved 1048576K
}
Event: 103.994 GC heap before
{Heap before GC invocations=299 (full 0):
 PSYoungGen      total 24576K, used 24384K [0x0000000795580000, 0x0000000796e80000, 0x00000007c0000000)
  eden space 24064K, 100% used [0x0000000795580000,0x0000000796d00000,0x0000000796d00000)
  from space 512K, 62% used [0x0000000796e00000,0x0000000796e50000,0x0000000796e80000)
  to   space 512K, 0% used [0x0000000796d80000,0x0000000796d80000,0x0000000796e00000)
 ParOldGen       total 87552K, used 8698K [0x0000000740000000, 0x0000000745580000, 0x0000000795580000)
  object space 87552K, 9% used [0x0000000740000000,0x000000074087e988,0x0000000745580000)
 Metaspace       used 8021K, capacity 8163K, committed 8320K, reserved 1056768K
  class space    used 807K, capacity 858K, committed 896K, reserved 1048576K
Event: 103.996 GC heap after
Heap after GC invocations=299 (full 0):
 PSYoungGen      total 24576K, used 320K [0x0000000795580000, 0x0000000796e80000, 0x00000007c0000000)
  eden space 24064K, 0% used [0x0000000795580000,0x0000000795580000,0x0000000796d00000)
  from space 512K, 62% used [0x0000000796d80000,0x0000000796dd0000,0x0000000796e00000)
  to   space 512K, 0% used [0x0000000796e00000,0x0000000796e00000,0x0000000796e80000)
 ParOldGen       total 87552K, used 8698K [0x0000000740000000, 0x0000000745580000, 0x0000000795580000)
  object space 87552K, 9% used [0x0000000740000000,0x000000074087e988,0x0000000745580000)
 Metaspace       used 8021K, capacity 8163K, committed 8320K, reserved 1056768K
  class space    used 807K, capacity 858K, committed 896K, reserved 1048576K
}
Event: 104.334 GC heap before
{Heap before GC invocations=300 (full 0):
 PSYoungGen      total 24576K, used 24384K [0x0000000795580000, 0x0000000796e80000, 0x00000007c0000000)
  eden space 24064K, 100% used [0x0000000795580000,0x0000000796d00000,0x0000000796d00000)
  from space 512K, 62% used [0x0000000796d80000,0x0000000796dd0000,0x0000000796e00000)
  to   space 512K, 0% used [0x0000000796e00000,0x0000000796e00000,0x0000000796e80000)
 ParOldGen       total 87552K, used 8698K [0x0000000740000000, 0x0000000745580000, 0x0000000795580000)
  object space 87552K, 9% used [0x0000000740000000,0x000000074087e988,0x0000000745580000)
 Metaspace       used 8021K, capacity 8163K, committed 8320K, reserved 1056768K
  class space    used 807K, capacity 858K, committed 896K, reserved 1048576K
Event: 104.336 GC heap after
Heap after GC invocations=300 (full 0):
 PSYoungGen      total 24576K, used 320K [0x0000000795580000, 0x0000000796e80000, 0x00000007c0000000)
  eden space 24064K, 0% used [0x0000000795580000,0x0000000795580000,0x0000000796d00000)
  from space 512K, 62% used [0x0000000796e00000,0x0000000796e50000,0x0000000796e80000)
  to   space 512K, 0% used [0x0000000796d80000,0x0000000796d80000,0x0000000796e00000)
 ParOldGen       total 87552K, used 8714K [0x0000000740000000, 0x0000000745580000, 0x0000000795580000)
  object space 87552K, 9% used [0x0000000740000000,0x0000000740882988,0x0000000745580000)
 Metaspace       used 8021K, capacity 8163K, committed 8320K, reserved 1056768K
  class space    used 807K, capacity 858K, committed 896K, reserved 1048576K
}

