# JRE version: Java(TM) SE Runtime Environment (8.0_121-b13) (build 1.8.0_121-b13)
# Java VM: Java HotSpot(TM) 64-Bit Server VM (25.121-b13 mixed mode bsd-amd64 compressed oops)
Heap:
 PSYoungGen      total 37888K, used 5738K [0x0000000795580000, 0x0000000798680000, 0x00000007c0000000)
  eden space 32768K, 10% used [0x0000000795580000,0x00000007958c1288,0x0000000797580000)
  from space 5120K, 46% used [0x0000000797600000,0x0000000797859868,0x0000000797b00000)
  to   space 8704K, 0% used [0x0000000797e00000,0x0000000797e00000,0x0000000798680000)
 ParOldGen       total 87552K, used 3484K [0x0000000740000000, 0x0000000745580000, 0x0000000795580000)
  object space 87552K, 3% used [0x0000000740000000,0x0000000740367020,0x0000000745580000)
 Metaspace       used 10151K, capacity 10321K, committed 10624K, reserved 1058816K
  class space    used 1080K, capacity 1151K, committed 1152K, reserved 1048576K
GC Heap History (10 events):
Event: 5.237 GC heap before
{Heap before GC invocations=1 (full 0):
 PSYoungGen      total 38400K, used 33280K [0x0000000795580000, 0x0000000798000000, 0x00000007c0000000)
  eden space 33280K, 100% used [0x0000000795580000,0x0000000797600000,0x0000000797600000)
  from space 5120K, 0% used [0x0000000797b00000,0x0000000797b00000,0x0000000798000000)
  to   space 5120K, 0% used [0x0000000797600000,0x0000000797600000,0x0000000797b00000)
 ParOldGen       total 87552K, used 0K [0x0000000740000000, 0x0000000745580000, 0x0000000795580000)
  object space 87552K, 0% used [0x0000000740000000,0x0000000740000000,0x0000000745580000)
 Metaspace       used 9968K, capacity 10193K, committed 10368K, reserved 1058816K
  class space    used 1076K, capacity 1151K, committed 1152K, reserved 1048576K
Event: 5.254 GC heap after
Heap after GC invocations=1 (full 0):
 PSYoungGen      total 38400K, used 5106K [0x0000000795580000, 0x0000000798000000, 0x00000007c0000000)
  eden space 33280K, 0% used [0x0000000795580000,0x0000000795580000,0x0000000797600000)
  from space 5120K, 99% used [0x0000000797600000,0x0000000797afc8d8,0x0000000797b00000)
  to   space 5120K, 0% used [0x0000000797b00000,0x0000000797b00000,0x0000000798000000)
 ParOldGen       total 87552K, used 3452K [0x0000000740000000, 0x0000000745580000, 0x0000000795580000)
  object space 87552K, 3% used [0x0000000740000000,0x000000074035f020,0x0000000745580000)
 Metaspace       used 9968K, capacity 10193K, committed 10368K, reserved 1058816K
  class space    used 1076K, capacity 1151K, committed 1152K, reserved 1048576K
}
Event: 19.336 GC heap before
{Heap before GC invocations=2 (full 0):
 PSYoungGen      total 38400K, used 38386K [0x0000000795580000, 0x0000000798000000, 0x00000007c0000000)
  eden space 33280K, 100% used [0x0000000795580000,0x0000000797600000,0x0000000797600000)
  from space 5120K, 99% used [0x0000000797600000,0x0000000797afc8d8,0x0000000797b00000)
  to   space 5120K, 0% used [0x0000000797b00000,0x0000000797b00000,0x0000000798000000)
 ParOldGen       total 87552K, used 3452K [0x0000000740000000, 0x0000000745580000, 0x0000000795580000)
  object space 87552K, 3% used [0x0000000740000000,0x000000074035f020,0x0000000745580000)
 Metaspace       used 10118K, capacity 10257K, committed 10368K, reserved 1058816K
  class space    used 1080K, capacity 1151K, committed 1152K, reserved 1048576K
Event: 19.346 GC heap after
Heap after GC invocations=2 (full 0):
 PSYoungGen      total 38400K, used 2354K [0x0000000795580000, 0x0000000798000000, 0x00000007c0000000)
  eden space 33280K, 0% used [0x0000000795580000,0x0000000795580000,0x0000000797600000)
  from space 5120K, 45% used [0x0000000797b00000,0x0000000797d4c910,0x0000000798000000)
  to   space 5120K, 0% used [0x0000000797600000,0x0000000797600000,0x0000000797b00000)
 ParOldGen       total 87552K, used 3460K [0x0000000740000000, 0x0000000745580000, 0x0000000795580000)
  object space 87552K, 3% used [0x0000000740000000,0x0000000740361020,0x0000000745580000)
 Metaspace       used 10118K, capacity 10257K, committed 10368K, reserved 1058816K
  class space    used 1080K, capacity 1151K, committed 1152K, reserved 1048576K
}
Event: 32.755 GC heap before
{Heap before GC invocations=3 (full 0):
 PSYoungGen      total 38400K, used 35634K [0x0000000795580000, 0x0000000798000000, 0x00000007c0000000)
  eden space 33280K, 100% used [0x0000000795580000,0x0000000797600000,0x0000000797600000)
  from space 5120K, 45% used [0x0000000797b00000,0x0000000797d4c910,0x0000000798000000)
  to   space 5120K, 0% used [0x0000000797600000,0x0000000797600000,0x0000000797b00000)
 ParOldGen       total 87552K, used 3460K [0x0000000740000000, 0x0000000745580000, 0x0000000795580000)
  object space 87552K, 3% used [0x0000000740000000,0x0000000740361020,0x0000000745580000)
 Metaspace       used 10130K, capacity 10257K, committed 10368K, reserved 1058816K
  class space    used 1080K, capacity 1151K, committed 1152K, reserved 1048576K
Event: 32.763 GC heap after
Heap after GC invocations=3 (full 0):
 PSYoungGen      total 38400K, used 2322K [0x0000000795580000, 0x0000000798000000, 0x00000007c0000000)
  eden space 33280K, 0% used [0x0000000795580000,0x0000000795580000,0x0000000797600000)
  from space 5120K, 45% used [0x0000000797600000,0x0000000797844910,0x0000000797b00000)
  to   space 5120K, 0% used [0x0000000797b00000,0x0000000797b00000,0x0000000798000000)
 ParOldGen       total 87552K, used 3468K [0x0000000740000000, 0x0000000745580000, 0x0000000795580000)
  object space 87552K, 3% used [0x0000000740000000,0x0000000740363020,0x0000000745580000)
 Metaspace       used 10130K, capacity 10257K, committed 10368K, reserved 1058816K
  class space    used 1080K, capacity 1151K, committed 1152K, reserved 1048576K
}
Event: 46.171 GC heap before
{Heap before GC invocations=4 (full 0):
 PSYoungGen      total 38400K, used 35602K [0x0000000795580000, 0x0000000798000000, 0x00000007c0000000)
  eden space 33280K, 100% used [0x0000000795580000,0x0000000797600000,0x0000000797600000)
  from space 5120K, 45% used [0x0000000797600000,0x0000000797844910,0x0000000797b00000)
  to   space 5120K, 0% used [0x0000000797b00000,0x0000000797b00000,0x0000000798000000)
 ParOldGen       total 87552K, used 3468K [0x0000000740000000, 0x0000000745580000, 0x0000000795580000)
  object space 87552K, 3% used [0x0000000740000000,0x0000000740363020,0x0000000745580000)
 Metaspace       used 10138K, capacity 10321K, committed 10624K, reserved 1058816K
  class space    used 1080K, capacity 1151K, committed 1152K, reserved 1048576K
Event: 46.179 GC heap after
Heap after GC invocations=4 (full 0):
 PSYoungGen      total 38400K, used 2408K [0x0000000795580000, 0x0000000798000000, 0x00000007c0000000)
  eden space 33280K, 0% used [0x0000000795580000,0x0000000795580000,0x0000000797600000)
  from space 5120K, 47% used [0x0000000797b00000,0x0000000797d5a148,0x0000000798000000)
  to   space 5120K, 0% used [0x0000000797600000,0x0000000797600000,0x0000000797b00000)
 ParOldGen       total 87552K, used 3476K [0x0000000740000000, 0x0000000745580000, 0x0000000795580000)
  object space 87552K, 3% used [0x0000000740000000,0x0000000740365020,0x0000000745580000)
 Metaspace       used 10138K, capacity 10321K, committed 10624K, reserved 1058816K
  class space    used 1080K, capacity 1151K, committed 1152K, reserved 1048576K
}
Event: 60.306 GC heap before
{Heap before GC invocations=5 (full 0):
 PSYoungGen      total 38400K, used 35688K [0x0000000795580000, 0x0000000798000000, 0x00000007c0000000)
  eden space 33280K, 100% used [0x0000000795580000,0x0000000797600000,0x0000000797600000)
  from space 5120K, 47% used [0x0000000797b00000,0x0000000797d5a148,0x0000000798000000)
  to   space 5120K, 0% used [0x0000000797600000,0x0000000797600000,0x0000000797b00000)
 ParOldGen       total 87552K, used 3476K [0x0000000740000000, 0x0000000745580000, 0x0000000795580000)
  object space 87552K, 3% used [0x0000000740000000,0x0000000740365020,0x0000000745580000)
 Metaspace       used 10145K, capacity 10321K, committed 10624K, reserved 1058816K
  class space    used 1080K, capacity 1151K, committed 1152K, reserved 1048576K
Event: 60.315 GC heap after
Heap after GC invocations=5 (full 0):
 PSYoungGen      total 37888K, used 2406K [0x0000000795580000, 0x0000000798680000, 0x00000007c0000000)
  eden space 32768K, 0% used [0x0000000795580000,0x0000000795580000,0x0000000797580000)
  from space 5120K, 46% used [0x0000000797600000,0x0000000797859868,0x0000000797b00000)
  to   space 8704K, 0% used [0x0000000797e00000,0x0000000797e00000,0x0000000798680000)
 ParOldGen       total 87552K, used 3484K [0x0000000740000000, 0x0000000745580000, 0x0000000795580000)
  object space 87552K, 3% used [0x0000000740000000,0x0000000740367020,0x0000000745580000)
 Metaspace       used 10145K, capacity 10321K, committed 10624K, reserved 1058816K
  class space    used 1080K, capacity 1151K, committed 1152K, reserved 1048576K
}

