# JRE version: Java(TM) SE Runtime Environment (8.0_121-b13) (build 1.8.0_121-b13)
# Java VM: Java HotSpot(TM) 64-Bit Server VM (25.121-b13 mixed mode bsd-amd64 compressed oops)
Heap:
 PSYoungGen      total 28672K, used 13297K [0x0000000795580000, 0x0000000797600000, 0x00000007c0000000)
  eden space 24064K, 53% used [0x0000000795580000,0x000000079622c560,0x0000000796d00000)
  from space 4608K, 6% used [0x0000000796d00000,0x0000000796d50000,0x0000000797180000)
  to   space 4608K, 0% used [0x0000000797180000,0x0000000797180000,0x0000000797600000)
 ParOldGen       total 87552K, used 4912K [0x0000000740000000, 0x0000000745580000, 0x0000000795580000)
  object space 87552K, 5% used [0x0000000740000000,0x00000007404cc2f0,0x0000000745580000)
 Metaspace       used 8118K, capacity 8239K, committed 8320K, reserved 1056768K
  class space    used 811K, capacity 858K, committed 896K, reserved 1048576K
GC Heap History (10 events):
Event: 47.835 GC heap before
{Heap before GC invocations=21 (full 0):
 PSYoungGen      total 29696K, used 25408K [0x0000000795580000, 0x0000000797900000, 0x00000007c0000000)
  eden space 25088K, 100% used [0x0000000795580000,0x0000000796e00000,0x0000000796e00000)
  from space 4608K, 6% used [0x0000000797480000,0x00000007974d0000,0x0000000797900000)
  to   space 5632K, 0% used [0x0000000796e00000,0x0000000796e00000,0x0000000797380000)
 ParOldGen       total 87552K, used 4776K [0x0000000740000000, 0x0000000745580000, 0x0000000795580000)
  object space 87552K, 5% used [0x0000000740000000,0x00000007404aa2f0,0x0000000745580000)
 Metaspace       used 7972K, capacity 8111K, committed 8320K, reserved 1056768K
  class space    used 805K, capacity 858K, committed 896K, reserved 1048576K
Event: 47.838 GC heap after
Heap after GC invocations=21 (full 0):
 PSYoungGen      total 25088K, used 352K [0x0000000795580000, 0x0000000797880000, 0x00000007c0000000)
  eden space 24576K, 0% used [0x0000000795580000,0x0000000795580000,0x0000000796d80000)
  from space 512K, 68% used [0x0000000796e00000,0x0000000796e58000,0x0000000796e80000)
  to   space 5632K, 0% used [0x0000000797300000,0x0000000797300000,0x0000000797880000)
 ParOldGen       total 87552K, used 4792K [0x0000000740000000, 0x0000000745580000, 0x0000000795580000)
  object space 87552K, 5% used [0x0000000740000000,0x00000007404ae2f0,0x0000000745580000)
 Metaspace       used 7972K, capacity 8111K, committed 8320K, reserved 1056768K
  class space    used 805K, capacity 858K, committed 896K, reserved 1048576K
}
Event: 50.498 GC heap before
{Heap before GC invocations=22 (full 0):
 PSYoungGen      total 25088K, used 24928K [0x0000000795580000, 0x0000000797880000, 0x00000007c0000000)
  eden space 24576K, 100% used [0x0000000795580000,0x0000000796d80000,0x0000000796d80000)
  from space 512K, 68% used [0x0000000796e00000,0x0000000796e58000,0x0000000796e80000)
  to   space 5632K, 0% used [0x0000000797300000,0x0000000797300000,0x0000000797880000)
 ParOldGen       total 87552K, used 4792K [0x0000000740000000, 0x0000000745580000, 0x0000000795580000)
  object space 87552K, 5% used [0x0000000740000000,0x00000007404ae2f0,0x0000000745580000)
 Metaspace       used 8096K, capacity 8239K, committed 8320K, reserved 1056768K
  class space    used 811K, capacity 858K, committed 896K, reserved 1048576K
Event: 50.500 GC heap after
Heap after GC invocations=22 (full 0):
 PSYoungGen      total 28160K, used 384K [0x0000000795580000, 0x0000000797700000, 0x00000007c0000000)
  eden space 24064K, 0% used [0x0000000795580000,0x0000000795580000,0x0000000796d00000)
  from space 4096K, 9% used [0x0000000797300000,0x0000000797360000,0x0000000797700000)
  to   space 5120K, 0% used [0x0000000796d00000,0x0000000796d00000,0x0000000797200000)
 ParOldGen       total 87552K, used 4816K [0x0000000740000000, 0x0000000745580000, 0x0000000795580000)
  object space 87552K, 5% used [0x0000000740000000,0x00000007404b42f0,0x0000000745580000)
 Metaspace       used 8096K, capacity 8239K, committed 8320K, reserved 1056768K
  class space    used 811K, capacity 858K, committed 896K, reserved 1048576K
}
Event: 53.151 GC heap before
{Heap before GC invocations=23 (full 0):
 PSYoungGen      total 28160K, used 24448K [0x0000000795580000, 0x0000000797700000, 0x00000007c0000000)
  eden space 24064K, 100% used [0x0000000795580000,0x0000000796d00000,0x0000000796d00000)
  from space 4096K, 9% used [0x0000000797300000,0x0000000797360000,0x0000000797700000)
  to   space 5120K, 0% used [0x0000000796d00000,0x0000000796d00000,0x0000000797200000)
 ParOldGen       total 87552K, used 4816K [0x0000000740000000, 0x0000000745580000, 0x0000000795580000)
  object space 87552K, 5% used [0x0000000740000000,0x00000007404b42f0,0x0000000745580000)
 Metaspace       used 8107K, capacity 8239K, committed 8320K, reserved 1056768K
  class space    used 811K, capacity 858K, committed 896K, reserved 1048576K
Event: 53.153 GC heap after
Heap after GC invocations=23 (full 0):
 PSYoungGen      total 29184K, used 352K [0x0000000795580000, 0x0000000797700000, 0x00000007c0000000)
  eden space 24064K, 0% used [0x0000000795580000,0x0000000795580000,0x0000000796d00000)
  from space 5120K, 6% used [0x0000000796d00000,0x0000000796d58000,0x0000000797200000)
  to   space 5120K, 0% used [0x0000000797200000,0x0000000797200000,0x0000000797700000)
 ParOldGen       total 87552K, used 4880K [0x0000000740000000, 0x0000000745580000, 0x0000000795580000)
  object space 87552K, 5% used [0x0000000740000000,0x00000007404c42f0,0x0000000745580000)
 Metaspace       used 8107K, capacity 8239K, committed 8320K, reserved 1056768K
  class space    used 811K, capacity 858K, committed 896K, reserved 1048576K
}
Event: 55.654 GC heap before
{Heap before GC invocations=24 (full 0):
 PSYoungGen      total 29184K, used 24416K [0x0000000795580000, 0x0000000797700000, 0x00000007c0000000)
  eden space 24064K, 100% used [0x0000000795580000,0x0000000796d00000,0x0000000796d00000)
  from space 5120K, 6% used [0x0000000796d00000,0x0000000796d58000,0x0000000797200000)
  to   space 5120K, 0% used [0x0000000797200000,0x0000000797200000,0x0000000797700000)
 ParOldGen       total 87552K, used 4880K [0x0000000740000000, 0x0000000745580000, 0x0000000795580000)
  object space 87552K, 5% used [0x0000000740000000,0x00000007404c42f0,0x0000000745580000)
 Metaspace       used 8108K, capacity 8239K, committed 8320K, reserved 1056768K
  class space    used 811K, capacity 858K, committed 896K, reserved 1048576K
Event: 55.656 GC heap after
Heap after GC invocations=24 (full 0):
 PSYoungGen      total 28160K, used 288K [0x0000000795580000, 0x0000000797600000, 0x00000007c0000000)
  eden space 24064K, 0% used [0x0000000795580000,0x0000000795580000,0x0000000796d00000)
  from space 4096K, 7% used [0x0000000797200000,0x0000000797248000,0x0000000797600000)
  to   space 4608K, 0% used [0x0000000796d00000,0x0000000796d00000,0x0000000797180000)
 ParOldGen       total 87552K, used 4896K [0x0000000740000000, 0x0000000745580000, 0x0000000795580000)
  object space 87552K, 5% used [0x0000000740000000,0x00000007404c82f0,0x0000000745580000)
 Metaspace       used 8108K, capacity 8239K, committed 8320K, reserved 1056768K
  class space    used 811K, capacity 858K, committed 896K, reserved 1048576K
}
Event: 58.328 GC heap before
{Heap before GC invocations=25 (full 0):
 PSYoungGen      total 28160K, used 24352K [0x0000000795580000, 0x0000000797600000, 0x00000007c0000000)
  eden space 24064K, 100% used [0x0000000795580000,0x0000000796d00000,0x0000000796d00000)
  from space 4096K, 7% used [0x0000000797200000,0x0000000797248000,0x0000000797600000)
  to   space 4608K, 0% used [0x0000000796d00000,0x0000000796d00000,0x0000000797180000)
 ParOldGen       total 87552K, used 4896K [0x0000000740000000, 0x0000000745580000, 0x0000000795580000)
  object space 87552K, 5% used [0x0000000740000000,0x00000007404c82f0,0x0000000745580000)
 Metaspace       used 8108K, capacity 8239K, committed 8320K, reserved 1056768K
  class space    used 811K, capacity 858K, committed 896K, reserved 1048576K
Event: 58.331 GC heap after
Heap after GC invocations=25 (full 0):
 PSYoungGen      total 28672K, used 320K [0x0000000795580000, 0x0000000797600000, 0x00000007c0000000)
  eden space 24064K, 0% used [0x0000000795580000,0x0000000795580000,0x0000000796d00000)
  from space 4608K, 6% used [0x0000000796d00000,0x0000000796d50000,0x0000000797180000)
  to   space 4608K, 0% used [0x0000000797180000,0x0000000797180000,0x0000000797600000)
 ParOldGen       total 87552K, used 4912K [0x0000000740000000, 0x0000000745580000, 0x0000000795580000)
  object space 87552K, 5% used [0x0000000740000000,0x00000007404cc2f0,0x0000000745580000)
 Metaspace       used 8108K, capacity 8239K, committed 8320K, reserved 1056768K
  class space    used 811K, capacity 858K, committed 896K, reserved 1048576K
}

