# JRE version: Java(TM) SE Runtime Environment (8.0_121-b13) (build 1.8.0_121-b13)
# Java VM: Java HotSpot(TM) 64-Bit Server VM (25.121-b13 mixed mode bsd-amd64 compressed oops)
Heap:
 PSYoungGen      total 26624K, used 11401K [0x0000000795580000, 0x0000000797200000, 0x00000007c0000000)
  eden space 24064K, 46% used [0x0000000795580000,0x000000079605a7b8,0x0000000796d00000)
  from space 2560K, 11% used [0x0000000796d00000,0x0000000796d48000,0x0000000796f80000)
  to   space 2560K, 0% used [0x0000000796f80000,0x0000000796f80000,0x0000000797200000)
 ParOldGen       total 87552K, used 4948K [0x0000000740000000, 0x0000000745580000, 0x0000000795580000)
  object space 87552K, 5% used [0x0000000740000000,0x00000007404d5260,0x0000000745580000)
 Metaspace       used 8001K, capacity 8107K, committed 8320K, reserved 1056768K
  class space    used 807K, capacity 858K, committed 896K, reserved 1048576K
GC Heap History (10 events):
Event: 18.584 GC heap before
{Heap before GC invocations=31 (full 0):
 PSYoungGen      total 27648K, used 24448K [0x0000000795580000, 0x0000000797400000, 0x00000007c0000000)
  eden space 24064K, 100% used [0x0000000795580000,0x0000000796d00000,0x0000000796d00000)
  from space 3584K, 10% used [0x0000000797080000,0x00000007970e0000,0x0000000797400000)
  to   space 3584K, 0% used [0x0000000796d00000,0x0000000796d00000,0x0000000797080000)
 ParOldGen       total 87552K, used 4900K [0x0000000740000000, 0x0000000745580000, 0x0000000795580000)
  object space 87552K, 5% used [0x0000000740000000,0x00000007404c9260,0x0000000745580000)
 Metaspace       used 7988K, capacity 8107K, committed 8320K, reserved 1056768K
  class space    used 806K, capacity 858K, committed 896K, reserved 1048576K
Event: 18.586 GC heap after
Heap after GC invocations=31 (full 0):
 PSYoungGen      total 24576K, used 320K [0x0000000795580000, 0x0000000797300000, 0x00000007c0000000)
  eden space 24064K, 0% used [0x0000000795580000,0x0000000795580000,0x0000000796d00000)
  from space 512K, 62% used [0x0000000796d00000,0x0000000796d50000,0x0000000796d80000)
  to   space 3072K, 0% used [0x0000000797000000,0x0000000797000000,0x0000000797300000)
 ParOldGen       total 87552K, used 4916K [0x0000000740000000, 0x0000000745580000, 0x0000000795580000)
  object space 87552K, 5% used [0x0000000740000000,0x00000007404cd260,0x0000000745580000)
 Metaspace       used 7988K, capacity 8107K, committed 8320K, reserved 1056768K
  class space    used 806K, capacity 858K, committed 896K, reserved 1048576K
}
Event: 19.023 GC heap before
{Heap before GC invocations=32 (full 0):
 PSYoungGen      total 24576K, used 24384K [0x0000000795580000, 0x0000000797300000, 0x00000007c0000000)
  eden space 24064K, 100% used [0x0000000795580000,0x0000000796d00000,0x0000000796d00000)
  from space 512K, 62% used [0x0000000796d00000,0x0000000796d50000,0x0000000796d80000)
  to   space 3072K, 0% used [0x0000000797000000,0x0000000797000000,0x0000000797300000)
 ParOldGen       total 87552K, used 4916K [0x0000000740000000, 0x0000000745580000, 0x0000000795580000)
  object space 87552K, 5% used [0x0000000740000000,0x00000007404cd260,0x0000000745580000)
 Metaspace       used 7989K, capacity 8107K, committed 8320K, reserved 1056768K
  class space    used 806K, capacity 858K, committed 896K, reserved 1048576K
Event: 19.026 GC heap after
Heap after GC invocations=32 (full 0):
 PSYoungGen      total 27136K, used 288K [0x0000000795580000, 0x0000000797300000, 0x00000007c0000000)
  eden space 24064K, 0% used [0x0000000795580000,0x0000000795580000,0x0000000796d00000)
  from space 3072K, 9% used [0x0000000797000000,0x0000000797048000,0x0000000797300000)
  to   space 3072K, 0% used [0x0000000796d00000,0x0000000796d00000,0x0000000797000000)
 ParOldGen       total 87552K, used 4932K [0x0000000740000000, 0x0000000745580000, 0x0000000795580000)
  object space 87552K, 5% used [0x0000000740000000,0x00000007404d1260,0x0000000745580000)
 Metaspace       used 7989K, capacity 8107K, committed 8320K, reserved 1056768K
  class space    used 806K, capacity 858K, committed 896K, reserved 1048576K
}
Event: 19.376 GC heap before
{Heap before GC invocations=33 (full 0):
 PSYoungGen      total 27136K, used 24352K [0x0000000795580000, 0x0000000797300000, 0x00000007c0000000)
  eden space 24064K, 100% used [0x0000000795580000,0x0000000796d00000,0x0000000796d00000)
  from space 3072K, 9% used [0x0000000797000000,0x0000000797048000,0x0000000797300000)
  to   space 3072K, 0% used [0x0000000796d00000,0x0000000796d00000,0x0000000797000000)
 ParOldGen       total 87552K, used 4932K [0x0000000740000000, 0x0000000745580000, 0x0000000795580000)
  object space 87552K, 5% used [0x0000000740000000,0x00000007404d1260,0x0000000745580000)
 Metaspace       used 7995K, capacity 8107K, committed 8320K, reserved 1056768K
  class space    used 806K, capacity 858K, committed 896K, reserved 1048576K
Event: 19.378 GC heap after
Heap after GC invocations=33 (full 0):
 PSYoungGen      total 27136K, used 288K [0x0000000795580000, 0x0000000797300000, 0x00000007c0000000)
  eden space 24064K, 0% used [0x0000000795580000,0x0000000795580000,0x0000000796d00000)
  from space 3072K, 9% used [0x0000000796d00000,0x0000000796d48000,0x0000000797000000)
  to   space 3072K, 0% used [0x0000000797000000,0x0000000797000000,0x0000000797300000)
 ParOldGen       total 87552K, used 4948K [0x0000000740000000, 0x0000000745580000, 0x0000000795580000)
  object space 87552K, 5% used [0x0000000740000000,0x00000007404d5260,0x0000000745580000)
 Metaspace       used 7995K, capacity 8107K, committed 8320K, reserved 1056768K
  class space    used 806K, capacity 858K, committed 896K, reserved 1048576K
}
Event: 19.730 GC heap before
{Heap before GC invocations=34 (full 0):
 PSYoungGen      total 27136K, used 24352K [0x0000000795580000, 0x0000000797300000, 0x00000007c0000000)
  eden space 24064K, 100% used [0x0000000795580000,0x0000000796d00000,0x0000000796d00000)
  from space 3072K, 9% used [0x0000000796d00000,0x0000000796d48000,0x0000000797000000)
  to   space 3072K, 0% used [0x0000000797000000,0x0000000797000000,0x0000000797300000)
 ParOldGen       total 87552K, used 4948K [0x0000000740000000, 0x0000000745580000, 0x0000000795580000)
  object space 87552K, 5% used [0x0000000740000000,0x00000007404d5260,0x0000000745580000)
 Metaspace       used 7995K, capacity 8107K, committed 8320K, reserved 1056768K
  class space    used 806K, capacity 858K, committed 896K, reserved 1048576K
Event: 19.732 GC heap after
Heap after GC invocations=34 (full 0):
 PSYoungGen      total 26112K, used 320K [0x0000000795580000, 0x0000000797200000, 0x00000007c0000000)
  eden space 24064K, 0% used [0x0000000795580000,0x0000000795580000,0x0000000796d00000)
  from space 2048K, 15% used [0x0000000797000000,0x0000000797050000,0x0000000797200000)
  to   space 2560K, 0% used [0x0000000796d00000,0x0000000796d00000,0x0000000796f80000)
 ParOldGen       total 87552K, used 4948K [0x0000000740000000, 0x0000000745580000, 0x0000000795580000)
  object space 87552K, 5% used [0x0000000740000000,0x00000007404d5260,0x0000000745580000)
 Metaspace       used 7995K, capacity 8107K, committed 8320K, reserved 1056768K
  class space    used 806K, capacity 858K, committed 896K, reserved 1048576K
}
Event: 20.106 GC heap before
{Heap before GC invocations=35 (full 0):
 PSYoungGen      total 26112K, used 24384K [0x0000000795580000, 0x0000000797200000, 0x00000007c0000000)
  eden space 24064K, 100% used [0x0000000795580000,0x0000000796d00000,0x0000000796d00000)
  from space 2048K, 15% used [0x0000000797000000,0x0000000797050000,0x0000000797200000)
  to   space 2560K, 0% used [0x0000000796d00000,0x0000000796d00000,0x0000000796f80000)
 ParOldGen       total 87552K, used 4948K [0x0000000740000000, 0x0000000745580000, 0x0000000795580000)
  object space 87552K, 5% used [0x0000000740000000,0x00000007404d5260,0x0000000745580000)
 Metaspace       used 7995K, capacity 8107K, committed 8320K, reserved 1056768K
  class space    used 806K, capacity 858K, committed 896K, reserved 1048576K
Event: 20.108 GC heap after
Heap after GC invocations=35 (full 0):
 PSYoungGen      total 26624K, used 288K [0x0000000795580000, 0x0000000797200000, 0x00000007c0000000)
  eden space 24064K, 0% used [0x0000000795580000,0x0000000795580000,0x0000000796d00000)
  from space 2560K, 11% used [0x0000000796d00000,0x0000000796d48000,0x0000000796f80000)
  to   space 2560K, 0% used [0x0000000796f80000,0x0000000796f80000,0x0000000797200000)
 ParOldGen       total 87552K, used 4948K [0x0000000740000000, 0x0000000745580000, 0x0000000795580000)
  object space 87552K, 5% used [0x0000000740000000,0x00000007404d5260,0x0000000745580000)
 Metaspace       used 7995K, capacity 8107K, committed 8320K, reserved 1056768K
  class space    used 806K, capacity 858K, committed 896K, reserved 1048576K
}

